2025-03-26 15:44:56.324  INFO 20964 --- [main] org.example.print.PrintApplication       : Starting PrintApplication using Java 1.8.0_382 on kc with PID 20964 (C:\Users\40802\Desktop\print_boot\boot_print\target\classes started by 40802 in C:\Users\40802\Desktop\print_boot\boot_print)
2025-03-26 15:44:56.332  INFO 20964 --- [main] org.example.print.PrintApplication       : No active profile set, falling back to 1 default profile: "default"
2025-03-26 15:44:57.597  INFO 20964 --- [main] o.s.b.w.embedded.tomcat.TomcatWebServer  : Tomcat initialized with port(s): 8080 (http)
2025-03-26 15:44:57.628  INFO 20964 --- [main] o.apache.catalina.core.StandardService   : Starting service [Tomcat]
2025-03-26 15:44:57.629  INFO 20964 --- [main] org.apache.catalina.core.StandardEngine  : Starting Servlet engine: [Apache Tomcat/9.0.68]
2025-03-26 15:44:57.924  INFO 20964 --- [main] o.a.c.c.C.[Tomcat].[localhost].[/]       : Initializing Spring embedded WebApplicationContext
2025-03-26 15:44:57.924  INFO 20964 --- [main] w.s.c.ServletWebServerApplicationContext : Root WebApplicationContext: initialization completed in 1542 ms
2025-03-26 15:44:58.127  INFO 20964 --- [main] o.e.p.component.PrintTaskPersistence     : ‰ªªÂä°Â∑≤ÁßªÂä®Âà∞Â∑≤ÂÆåÊàêÁõÆÂΩï: 51d4a5e5-aaf3-49f9-bcff-963f82492982
2025-03-26 15:44:58.132  INFO 20964 --- [main] o.e.p.component.PrintTaskPersistence     : ‰ªªÂä°Â∑≤ÁßªÂä®Âà∞Â∑≤ÂÆåÊàêÁõÆÂΩï: b53e1082-7b26-40b5-8004-10574f9fd6ec
2025-03-26 15:44:58.585  INFO 20964 --- [main] o.s.b.w.embedded.tomcat.TomcatWebServer  : Tomcat started on port(s): 8080 (http) with context path ''
2025-03-26 15:44:58.609  INFO 20964 --- [main] org.example.print.PrintApplication       : Started PrintApplication in 2.808 seconds (JVM running for 3.617)
2025-03-26 15:45:26.116  INFO 20964 --- [http-nio-8080-exec-2] o.a.c.c.C.[Tomcat].[localhost].[/]       : Initializing Spring DispatcherServlet 'dispatcherServlet'
2025-03-26 15:45:26.116  INFO 20964 --- [http-nio-8080-exec-2] o.s.web.servlet.DispatcherServlet        : Initializing Servlet 'dispatcherServlet'
2025-03-26 15:45:26.117  INFO 20964 --- [http-nio-8080-exec-2] o.s.web.servlet.DispatcherServlet        : Completed initialization in 1 ms
2025-03-26 15:45:26.191  INFO 20964 --- [http-nio-8080-exec-2] o.e.p.component.PrintWebSocketHandler    : Êñ∞ÁöÑWebSocketËøûÊé•Âª∫Á´ã: e5fb6fda-b6c4-60cc-056e-512d7494b7cc
2025-03-26 15:45:26.196  INFO 20964 --- [http-nio-8080-exec-2] o.e.p.component.PrintWebSocketHandler    : Êî∂Âà∞ÊâìÂç∞ËØ∑Ê±Ç: {"type":"print_request","data":[{"id":"540","deliveryMan":"ÂæÖÂàÜÈÖç","deliveryPhone":"-","customer":"ÊµãËØï","customerPhone":"13112341234","merchant":"ÊåáÂ∞ñËµ§Â£ÅËøëÊ∞¥Ê•ºÂè∞Â∫ó","goods":"ÂÖ¨Áâõ609 3Á±≥ÂèåÊéíÊèíÂ∫ß√ó1Ôø•46.80","orderNo":"202503265120000540","orderTime":"2025-03-26 15:45:19","totalPrice":"46.80","actualPayment":"0.00","address":"ÊπñÂåóÁúÅÂí∏ÂÆÅÂ∏ÇËµ§Â£ÅÂ∏ÇËµ§Â£ÅÂ∏ÇËøëÊ∞¥¬∑Ê•ºÂè∞‰∏úÂçó(G107Ë•ø)","paymentMethod":"‰ΩôÈ¢ùÊîØ‰ªò","deliveryFee":"2.00","status":"1","raw":{"id":"540","order_genre":0,"type":1,"order_type":1,"scene_type":1,"store_id":1,"merchant_id":1,"uid":27,"group_finish":0,"group_create_id":0,"recharge_id":0,"underline_price_total":"46.80","goods_price":"46.80","all_money":"46.80","pay_money":"46.80","pay_real":"0.00","pay_balance":"46.80","coupon_id":0,"coupon_money":"0.00","type0_coupon_id":0,"type0_coupon_money":"0.00","type0_take_coupon_money":"0.00","type1_coupon_id":0,"type1_coupon_money":"0.00","type1_take_coupon_money":"0.00","delivery_fee":"2.00","user_delivery_fee":"0.00","take_delivery_fee":"2.00","platform_delivery_fee":"0.00","status":1,"pay_state":1,"pay_type":2,"pay_time":1742975122,"all_weight":"0.000","order_no":"202503265120000540","union_order_no":"","able_refund":1,"refund_status":0,"refund_type":0,"apply_refund_time":0,"finish_refund_time":0,"refund_money":"0.00","finish_time":0,"cancel_time":0,"express_id":0,"business_remark":"","create_time":"2025-03-26 15:45:19","take_status":1,"bill_id":540,"pickup_type":0,"pick_code":"","user_name":"ÊµãËØï","user_phone":"13112341234","user_address":"Ëµ§Â£ÅÂ∏ÇËøëÊ∞¥¬∑Ê•ºÂè∞‰∏úÂçó(G107Ë•ø)","remind_state":0,"remind_time":0,"shopping_ids":"1799","remark":"","delivery_time":1742975122,"received_time":0,"user_select_time":0,"user_province":"ÊπñÂåóÁúÅ","user_city":"Âí∏ÂÆÅÂ∏Ç","user_area":"Ëµ§Â£ÅÂ∏Ç","longitude":"113.87458","latitude":"29.726665","pick_status":0,"pick_time":0,"pick_admin_id":0,"delivery_order_id":299,"yuji_send_time":1742975119,"name":"ÊåáÂ∞ñËµ§Â£ÅËøëÊ∞¥Ê•ºÂè∞Â∫ó","rider_id":0,"delivery_status":0,"delivery_create_time":1742975122,"rider_name":null,"rider_mobile":null,"sellList":[{"goods_img_id":2196,"goods_name":"ÂÖ¨Áâõ609 3Á±≥ÂèåÊéíÊèíÂ∫ß","sell_num":1,"sell_subtotal":"46.80","goods_img_id_str":"https://img.zhijianchibi.com/images/1/20250212/5300e3ea534a10a2223c0aa2f132014b.jpg"}],"day_index":1},"delivery_status":"0","day_index":"1"}]}
2025-03-26 15:45:26.351  INFO 20964 --- [http-nio-8080-exec-2] o.e.p.component.PrintTaskPersistence     : ‰ªªÂä°ÊåÅ‰πÖÂåñÊàêÂäü: c4bd9145-6e64-405b-b931-75cf0439afe3_20250326154526.json
2025-03-26 15:45:26.351  INFO 20964 --- [http-nio-8080-exec-2] o.e.print.component.PrintQueueManager    : ÊàêÂäüÊ∑ªÂä†ÊâìÂç∞‰ªªÂä°Âà∞ÈòüÂàó: c4bd9145-6e64-405b-b931-75cf0439afe3
2025-03-26 15:45:26.747  INFO 20964 --- [ForkJoinPool.commonPool-worker-9] o.e.print.service.UnifiedPrintService    : ÊâìÂç∞Êú∫Â±ûÊÄß: queued-job-count = 0
2025-03-26 15:45:26.747  INFO 20964 --- [ForkJoinPool.commonPool-worker-9] o.e.print.service.UnifiedPrintService    : ÊâìÂç∞Êú∫Â±ûÊÄß: printer-is-accepting-jobs = accepting-jobs
2025-03-26 15:45:26.747  INFO 20964 --- [ForkJoinPool.commonPool-worker-9] o.e.print.service.UnifiedPrintService    : ÊâìÂç∞Êú∫Â±ûÊÄß: color-supported = not-supported
2025-03-26 15:45:26.747  INFO 20964 --- [ForkJoinPool.commonPool-worker-9] o.e.print.service.UnifiedPrintService    : ÊâìÂç∞Êú∫Â±ûÊÄß: printer-name = ÈªòËÆ§ÊâìÂç∞Êú∫
2025-03-26 15:45:26.748  INFO 20964 --- [ForkJoinPool.commonPool-worker-9] o.e.print.service.UnifiedPrintService    : ÊâìÂç∞‰ªªÂä°‰ø°ÊÅØ:
2025-03-26 15:45:26.749  INFO 20964 --- [ForkJoinPool.commonPool-worker-9] o.e.print.service.UnifiedPrintService    : ‰ªªÂä°ID: c4bd9145-6e64-405b-b931-75cf0439afe3
2025-03-26 15:45:26.749  INFO 20964 --- [ForkJoinPool.commonPool-worker-9] o.e.print.service.UnifiedPrintService    : ÊâìÂç∞Êú∫: ÈªòËÆ§ÊâìÂç∞Êú∫
2025-03-26 15:45:26.750  INFO 20964 --- [ForkJoinPool.commonPool-worker-9] o.e.print.service.UnifiedPrintService    : ÊâìÂç∞ÂÜÖÂÆπÈïøÂ∫¶: 2136
2025-03-26 15:45:26.798  INFO 20964 --- [ForkJoinPool.commonPool-worker-9] o.e.p.component.PrintTaskPersistence     : ‰ªªÂä°Â∑≤Ê†áËÆ∞‰∏∫ÂÆåÊàê: c4bd9145-6e64-405b-b931-75cf0439afe3
2025-03-26 15:45:26.798  INFO 20964 --- [ForkJoinPool.commonPool-worker-9] o.e.print.component.PrintQueueManager    : ÊâìÂç∞‰ªªÂä°ÂÆåÊàê: c4bd9145-6e64-405b-b931-75cf0439afe3
2025-03-26 15:45:26.799  INFO 20964 --- [ForkJoinPool.commonPool-worker-9] o.e.p.component.PrintTaskPersistence     : ‰ªªÂä°ÊåÅ‰πÖÂåñÊàêÂäü: c4bd9145-6e64-405b-b931-75cf0439afe3_20250326154526.json
2025-03-26 16:20:14.219  INFO 20964 --- [http-nio-8080-exec-2] o.e.p.component.PrintWebSocketHandler    : WebSocketËøûÊé•ÂÖ≥Èó≠: e5fb6fda-b6c4-60cc-056e-512d7494b7cc, Áä∂ÊÄÅ: CloseStatus[code=1001, reason=null]
2025-03-26 18:22:37.203  INFO 25972 --- [main] org.example.print.PrintApplicationTests  : Starting PrintApplicationTests using Java 1.8.0_382 on kc with PID 25972 (started by 40802 in C:\Users\40802\Desktop\print_boot\boot_print)
2025-03-26 18:22:37.205  INFO 25972 --- [main] org.example.print.PrintApplicationTests  : No active profile set, falling back to 1 default profile: "default"
2025-03-26 18:22:38.903  INFO 25972 --- [main] o.e.p.component.PrintTaskPersistence     : »ŒŒÒ“—“∆∂ØµΩ“—ÕÍ≥…ƒø¬º: c4bd9145-6e64-405b-b931-75cf0439afe3
2025-03-26 18:22:40.217  INFO 25972 --- [main] org.example.print.PrintApplicationTests  : Started PrintApplicationTests in 3.562 seconds (JVM running for 5.059)
2025-03-26 18:33:44.209  INFO 29496 --- [main] org.example.print.PrintApplicationTests  : Starting PrintApplicationTests using Java 1.8.0_382 on kc with PID 29496 (started by 40802 in C:\Users\40802\Desktop\print_boot\boot_print)
2025-03-26 18:33:44.211  INFO 29496 --- [main] org.example.print.PrintApplicationTests  : No active profile set, falling back to 1 default profile: "default"
2025-03-26 18:33:46.656  INFO 29496 --- [main] org.example.print.PrintApplicationTests  : Started PrintApplicationTests in 3.052 seconds (JVM running for 4.658)
2025-03-27 16:12:33.541  INFO 14204 --- [main] org.example.print.PrintApplication       : Starting PrintApplication using Java 1.8.0_202 on PC-202502061126 with PID 14204 (C:\Users\Administrator\Desktop\zjcb\boot_print\target\classes started by Administrator in C:\Users\Administrator\Desktop\zjcb\boot_print)
2025-03-27 16:12:33.544  INFO 14204 --- [main] org.example.print.PrintApplication       : No active profile set, falling back to 1 default profile: "default"
2025-03-27 16:12:34.276  INFO 14204 --- [main] o.s.b.w.embedded.tomcat.TomcatWebServer  : Tomcat initialized with port(s): 8080 (http)
2025-03-27 16:12:34.282  INFO 14204 --- [main] o.apache.catalina.core.StandardService   : Starting service [Tomcat]
2025-03-27 16:12:34.282  INFO 14204 --- [main] org.apache.catalina.core.StandardEngine  : Starting Servlet engine: [Apache Tomcat/9.0.68]
2025-03-27 16:12:34.373  INFO 14204 --- [main] o.a.c.c.C.[Tomcat].[localhost].[/]       : Initializing Spring embedded WebApplicationContext
2025-03-27 16:12:34.374  INFO 14204 --- [main] w.s.c.ServletWebServerApplicationContext : Root WebApplicationContext: initialization completed in 791 ms
2025-03-27 16:12:34.461  WARN 14204 --- [main] ConfigServletWebServerApplicationContext : Exception encountered during context initialization - cancelling refresh attempt: org.springframework.beans.factory.UnsatisfiedDependencyException: Error creating bean with name 'printQueueManager' defined in file [C:\Users\Administrator\Desktop\zjcb\boot_print\target\classes\org\example\print\component\PrintQueueManager.class]: Unsatisfied dependency expressed through constructor parameter 5; nested exception is org.springframework.beans.factory.UnsatisfiedDependencyException: Error creating bean with name 'printMessageController' defined in file [C:\Users\Administrator\Desktop\zjcb\boot_print\target\classes\org\example\print\controller\PrintMessageController.class]: Unsatisfied dependency expressed through constructor parameter 0; nested exception is org.springframework.beans.factory.BeanCurrentlyInCreationException: Error creating bean with name 'printQueueManager': Requested bean is currently in creation: Is there an unresolvable circular reference?
2025-03-27 16:12:34.463  INFO 14204 --- [main] o.apache.catalina.core.StandardService   : Stopping service [Tomcat]
2025-03-27 16:12:34.473  INFO 14204 --- [main] ConditionEvaluationReportLoggingListener : 

Error starting ApplicationContext. To display the conditions report re-run your application with 'debug' enabled.
2025-03-27 16:12:34.494 ERROR 14204 --- [main] o.s.b.d.LoggingFailureAnalysisReporter   : 

***************************
APPLICATION FAILED TO START
***************************

Description:

The dependencies of some of the beans in the application context form a cycle:

‚îå‚îÄ‚îÄ‚îÄ‚îÄ‚îÄ‚îê
|  printQueueManager defined in file [C:\Users\Administrator\Desktop\zjcb\boot_print\target\classes\org\example\print\component\PrintQueueManager.class]
‚Üë     ‚Üì
|  printMessageController defined in file [C:\Users\Administrator\Desktop\zjcb\boot_print\target\classes\org\example\print\controller\PrintMessageController.class]
‚îî‚îÄ‚îÄ‚îÄ‚îÄ‚îÄ‚îò


Action:

Relying upon circular references is discouraged and they are prohibited by default. Update your application to remove the dependency cycle between beans. As a last resort, it may be possible to break the cycle automatically by setting spring.main.allow-circular-references to true.

2025-03-27 16:46:17.836  INFO 13324 --- [main] org.example.print.PrintApplication       : Starting PrintApplication using Java 1.8.0_202 on PC-202502061126 with PID 13324 (C:\Users\Administrator\Desktop\zjcb\boot_print\target\classes started by Administrator in C:\Users\Administrator\Desktop\zjcb\boot_print)
2025-03-27 16:46:17.839  INFO 13324 --- [main] org.example.print.PrintApplication       : No active profile set, falling back to 1 default profile: "default"
2025-03-27 16:46:18.503  INFO 13324 --- [main] o.s.b.w.embedded.tomcat.TomcatWebServer  : Tomcat initialized with port(s): 8080 (http)
2025-03-27 16:46:18.509  INFO 13324 --- [main] o.apache.catalina.core.StandardService   : Starting service [Tomcat]
2025-03-27 16:46:18.509  INFO 13324 --- [main] org.apache.catalina.core.StandardEngine  : Starting Servlet engine: [Apache Tomcat/9.0.68]
2025-03-27 16:46:18.611  INFO 13324 --- [main] o.a.c.c.C.[Tomcat].[localhost].[/]       : Initializing Spring embedded WebApplicationContext
2025-03-27 16:46:18.611  INFO 13324 --- [main] w.s.c.ServletWebServerApplicationContext : Root WebApplicationContext: initialization completed in 730 ms
2025-03-27 16:46:18.695  WARN 13324 --- [main] ConfigServletWebServerApplicationContext : Exception encountered during context initialization - cancelling refresh attempt: org.springframework.beans.factory.UnsatisfiedDependencyException: Error creating bean with name 'printQueueManager' defined in file [C:\Users\Administrator\Desktop\zjcb\boot_print\target\classes\org\example\print\component\PrintQueueManager.class]: Unsatisfied dependency expressed through constructor parameter 6; nested exception is org.springframework.beans.factory.UnsatisfiedDependencyException: Error creating bean with name 'remoteDataService' defined in file [C:\Users\Administrator\Desktop\zjcb\boot_print\target\classes\org\example\print\service\RemoteDataService.class]: Unsatisfied dependency expressed through constructor parameter 0; nested exception is org.springframework.beans.factory.BeanCurrentlyInCreationException: Error creating bean with name 'printQueueManager': Requested bean is currently in creation: Is there an unresolvable circular reference?
2025-03-27 16:46:18.697  INFO 13324 --- [main] o.apache.catalina.core.StandardService   : Stopping service [Tomcat]
2025-03-27 16:46:18.705  INFO 13324 --- [main] ConditionEvaluationReportLoggingListener : 

Error starting ApplicationContext. To display the conditions report re-run your application with 'debug' enabled.
2025-03-27 16:46:18.716 ERROR 13324 --- [main] o.s.b.d.LoggingFailureAnalysisReporter   : 

***************************
APPLICATION FAILED TO START
***************************

Description:

The dependencies of some of the beans in the application context form a cycle:

‚îå‚îÄ‚îÄ‚îÄ‚îÄ‚îÄ‚îê
|  printQueueManager defined in file [C:\Users\Administrator\Desktop\zjcb\boot_print\target\classes\org\example\print\component\PrintQueueManager.class]
‚Üë     ‚Üì
|  remoteDataService defined in file [C:\Users\Administrator\Desktop\zjcb\boot_print\target\classes\org\example\print\service\RemoteDataService.class]
‚îî‚îÄ‚îÄ‚îÄ‚îÄ‚îÄ‚îò


Action:

Relying upon circular references is discouraged and they are prohibited by default. Update your application to remove the dependency cycle between beans. As a last resort, it may be possible to break the cycle automatically by setting spring.main.allow-circular-references to true.

2025-03-27 16:48:23.660  INFO 12144 --- [main] org.example.print.PrintApplication       : Starting PrintApplication using Java 1.8.0_202 on PC-202502061126 with PID 12144 (C:\Users\Administrator\Desktop\zjcb\boot_print\target\classes started by Administrator in C:\Users\Administrator\Desktop\zjcb\boot_print)
2025-03-27 16:48:23.663  INFO 12144 --- [main] org.example.print.PrintApplication       : No active profile set, falling back to 1 default profile: "default"
2025-03-27 16:48:24.345  INFO 12144 --- [main] o.s.b.w.embedded.tomcat.TomcatWebServer  : Tomcat initialized with port(s): 8080 (http)
2025-03-27 16:48:24.351  INFO 12144 --- [main] o.apache.catalina.core.StandardService   : Starting service [Tomcat]
2025-03-27 16:48:24.351  INFO 12144 --- [main] org.apache.catalina.core.StandardEngine  : Starting Servlet engine: [Apache Tomcat/9.0.68]
2025-03-27 16:48:24.452  INFO 12144 --- [main] o.a.c.c.C.[Tomcat].[localhost].[/]       : Initializing Spring embedded WebApplicationContext
2025-03-27 16:48:24.453  INFO 12144 --- [main] w.s.c.ServletWebServerApplicationContext : Root WebApplicationContext: initialization completed in 746 ms
2025-03-27 16:48:24.593  WARN 12144 --- [main] o.e.p.component.PrintTaskPersistence     : ‰ªªÂä°Â∑≤ËøáÊúü: 0a24f970-18de-464d-a098-98b1f7aee7a0
2025-03-27 16:48:24.596  INFO 12144 --- [main] o.e.p.component.PrintTaskPersistence     : ‰ªªÂä°Â∑≤ÁßªÂä®Âà∞Â∑≤ÂÆåÊàêÁõÆÂΩï: 0a24f970-18de-464d-a098-98b1f7aee7a0
2025-03-27 16:48:24.636  INFO 12144 --- [main] o.e.print.service.RemoteDataService      : Ê≠£Âú®ËøûÊé•STOMPÊúçÂä°: https://mall.zhijianchibi.com/kefu_new//print-ws
2025-03-27 16:48:24.943 DEBUG 12144 --- [main] o.e.print.service.RemoteDataService      : ÂºÄÂßãÂêåÊ≠•ÊâìÂç∞‰ªªÂä°
2025-03-27 16:48:24.944 DEBUG 12144 --- [main] o.e.print.service.RemoteDataService      : Ê≠£Âú®‰ªéhttps://mall.zhijianchibi.com/kefu_new//api/print-tasks/pendingËé∑ÂèñÊâìÂç∞‰ªªÂä°
2025-03-27 16:48:25.004 ERROR 12144 --- [main] o.e.print.service.RemoteDataService      : Ëé∑ÂèñÊâìÂç∞‰ªªÂä°Â§±Ë¥•

org.springframework.web.client.HttpClientErrorException$Forbidden: 403 : [no body]
	at org.springframework.web.client.HttpClientErrorException.create(HttpClientErrorException.java:109) ~[spring-web-5.3.23.jar:5.3.23]
	at org.springframework.web.client.DefaultResponseErrorHandler.handleError(DefaultResponseErrorHandler.java:168) ~[spring-web-5.3.23.jar:5.3.23]
	at org.springframework.web.client.DefaultResponseErrorHandler.handleError(DefaultResponseErrorHandler.java:122) ~[spring-web-5.3.23.jar:5.3.23]
	at org.springframework.web.client.ResponseErrorHandler.handleError(ResponseErrorHandler.java:63) ~[spring-web-5.3.23.jar:5.3.23]
	at org.springframework.web.client.RestTemplate.handleResponse(RestTemplate.java:819) ~[spring-web-5.3.23.jar:5.3.23]
	at org.springframework.web.client.RestTemplate.doExecute(RestTemplate.java:777) ~[spring-web-5.3.23.jar:5.3.23]
	at org.springframework.web.client.RestTemplate.execute(RestTemplate.java:711) ~[spring-web-5.3.23.jar:5.3.23]
	at org.springframework.web.client.RestTemplate.exchange(RestTemplate.java:631) ~[spring-web-5.3.23.jar:5.3.23]
	at org.example.print.service.RemoteDataService.fetchPrintTasks(RemoteDataService.java:263) [classes/:na]
	at org.example.print.service.RemoteDataService.syncPrintTasks(RemoteDataService.java:230) [classes/:na]
	at org.example.print.service.RemoteDataService.initialize(RemoteDataService.java:82) [classes/:na]
	at sun.reflect.NativeMethodAccessorImpl.invoke0(Native Method) ~[na:1.8.0_202]
	at sun.reflect.NativeMethodAccessorImpl.invoke(NativeMethodAccessorImpl.java:62) ~[na:1.8.0_202]
	at sun.reflect.DelegatingMethodAccessorImpl.invoke(DelegatingMethodAccessorImpl.java:43) ~[na:1.8.0_202]
	at java.lang.reflect.Method.invoke(Method.java:498) ~[na:1.8.0_202]
	at org.springframework.beans.factory.annotation.InitDestroyAnnotationBeanPostProcessor$LifecycleElement.invoke(InitDestroyAnnotationBeanPostProcessor.java:389) [spring-beans-5.3.23.jar:5.3.23]
	at org.springframework.beans.factory.annotation.InitDestroyAnnotationBeanPostProcessor$LifecycleMetadata.invokeInitMethods(InitDestroyAnnotationBeanPostProcessor.java:333) [spring-beans-5.3.23.jar:5.3.23]
	at org.springframework.beans.factory.annotation.InitDestroyAnnotationBeanPostProcessor.postProcessBeforeInitialization(InitDestroyAnnotationBeanPostProcessor.java:157) [spring-beans-5.3.23.jar:5.3.23]
	at org.springframework.beans.factory.support.AbstractAutowireCapableBeanFactory.applyBeanPostProcessorsBeforeInitialization(AbstractAutowireCapableBeanFactory.java:440) [spring-beans-5.3.23.jar:5.3.23]
	at org.springframework.beans.factory.support.AbstractAutowireCapableBeanFactory.initializeBean(AbstractAutowireCapableBeanFactory.java:1796) [spring-beans-5.3.23.jar:5.3.23]
	at org.springframework.beans.factory.support.AbstractAutowireCapableBeanFactory.doCreateBean(AbstractAutowireCapableBeanFactory.java:620) [spring-beans-5.3.23.jar:5.3.23]
	at org.springframework.beans.factory.support.AbstractAutowireCapableBeanFactory.createBean(AbstractAutowireCapableBeanFactory.java:542) [spring-beans-5.3.23.jar:5.3.23]
	at org.springframework.beans.factory.support.AbstractBeanFactory.lambda$doGetBean$0(AbstractBeanFactory.java:335) [spring-beans-5.3.23.jar:5.3.23]
	at org.springframework.beans.factory.support.DefaultSingletonBeanRegistry.getSingleton(DefaultSingletonBeanRegistry.java:234) ~[spring-beans-5.3.23.jar:5.3.23]
	at org.springframework.beans.factory.support.AbstractBeanFactory.doGetBean(AbstractBeanFactory.java:333) [spring-beans-5.3.23.jar:5.3.23]
	at org.springframework.beans.factory.support.AbstractBeanFactory.getBean(AbstractBeanFactory.java:208) [spring-beans-5.3.23.jar:5.3.23]
	at org.springframework.beans.factory.support.DefaultListableBeanFactory.preInstantiateSingletons(DefaultListableBeanFactory.java:955) ~[spring-beans-5.3.23.jar:5.3.23]
	at org.springframework.context.support.AbstractApplicationContext.finishBeanFactoryInitialization(AbstractApplicationContext.java:918) ~[spring-context-5.3.23.jar:5.3.23]
	at org.springframework.context.support.AbstractApplicationContext.refresh(AbstractApplicationContext.java:583) ~[spring-context-5.3.23.jar:5.3.23]
	at org.springframework.boot.web.servlet.context.ServletWebServerApplicationContext.refresh(ServletWebServerApplicationContext.java:145) ~[spring-boot-2.6.13.jar:2.6.13]
	at org.springframework.boot.SpringApplication.refresh(SpringApplication.java:745) ~[spring-boot-2.6.13.jar:2.6.13]
	at org.springframework.boot.SpringApplication.refreshContext(SpringApplication.java:420) ~[spring-boot-2.6.13.jar:2.6.13]
	at org.springframework.boot.SpringApplication.run(SpringApplication.java:307) ~[spring-boot-2.6.13.jar:2.6.13]
	at org.springframework.boot.SpringApplication.run(SpringApplication.java:1317) ~[spring-boot-2.6.13.jar:2.6.13]
	at org.springframework.boot.SpringApplication.run(SpringApplication.java:1306) ~[spring-boot-2.6.13.jar:2.6.13]
	at org.example.print.PrintApplication.main(PrintApplication.java:12) ~[classes/:na]

2025-03-27 16:48:25.137 ERROR 12144 --- [SimpleAsyncTaskExecutor-1] o.s.w.s.s.c.DefaultTransportRequest      : No more fallback transports after TransportRequest[url=wss://mall.zhijianchibi.com/kefu_new/print-ws/85/0137816a669c422d9c1441b0e05bd89b/websocket]

javax.websocket.DeploymentException: The HTTP response from the server [200] did not permit the HTTP upgrade to WebSocket
	at org.apache.tomcat.websocket.WsWebSocketContainer.connectToServerRecursive(WsWebSocketContainer.java:400) ~[tomcat-embed-websocket-9.0.68.jar:9.0.68]
	at org.apache.tomcat.websocket.WsWebSocketContainer.connectToServer(WsWebSocketContainer.java:185) ~[tomcat-embed-websocket-9.0.68.jar:9.0.68]
	at org.springframework.web.socket.client.standard.StandardWebSocketClient.lambda$doHandshakeInternal$0(StandardWebSocketClient.java:151) ~[spring-websocket-5.3.23.jar:5.3.23]
	at java.util.concurrent.FutureTask.run(FutureTask.java:266) ~[na:1.8.0_202]
	at java.lang.Thread.run(Thread.java:748) [na:1.8.0_202]

2025-03-27 16:48:25.137 ERROR 12144 --- [SimpleAsyncTaskExecutor-1] o.e.print.service.RemoteDataService      : STOMP‰º†ËæìÈîôËØØ

javax.websocket.DeploymentException: The HTTP response from the server [200] did not permit the HTTP upgrade to WebSocket
	at org.apache.tomcat.websocket.WsWebSocketContainer.connectToServerRecursive(WsWebSocketContainer.java:400) ~[tomcat-embed-websocket-9.0.68.jar:9.0.68]
	at org.apache.tomcat.websocket.WsWebSocketContainer.connectToServer(WsWebSocketContainer.java:185) ~[tomcat-embed-websocket-9.0.68.jar:9.0.68]
	at org.springframework.web.socket.client.standard.StandardWebSocketClient.lambda$doHandshakeInternal$0(StandardWebSocketClient.java:151) ~[spring-websocket-5.3.23.jar:5.3.23]
	at java.util.concurrent.FutureTask.run(FutureTask.java:266) ~[na:1.8.0_202]
	at java.lang.Thread.run(Thread.java:748) [na:1.8.0_202]

2025-03-27 16:48:25.138  INFO 12144 --- [Thread-17] o.e.print.service.RemoteDataService      : ËÆ°ÂàíÂú®5000ÊØ´ÁßíÂêéÈáçÊñ∞ËøûÊé•STOMP
2025-03-27 16:48:25.373  INFO 12144 --- [main] o.s.b.w.embedded.tomcat.TomcatWebServer  : Tomcat started on port(s): 8080 (http) with context path ''
2025-03-27 16:48:25.375  INFO 12144 --- [main] o.s.m.s.b.SimpleBrokerMessageHandler     : Starting...
2025-03-27 16:48:25.375  INFO 12144 --- [main] o.s.m.s.b.SimpleBrokerMessageHandler     : BrokerAvailabilityEvent[available=true, SimpleBrokerMessageHandler [org.springframework.messaging.simp.broker.DefaultSubscriptionRegistry@25b52284]]
2025-03-27 16:48:25.375  INFO 12144 --- [main] o.s.m.s.b.SimpleBrokerMessageHandler     : Started.
2025-03-27 16:48:25.379  INFO 12144 --- [main] s.a.ScheduledAnnotationBeanPostProcessor : More than one TaskScheduler bean exists within the context, and none is named 'taskScheduler'. Mark one of them as primary or name it 'taskScheduler' (possibly as an alias); or implement the SchedulingConfigurer interface and call ScheduledTaskRegistrar#setScheduler explicitly within the configureTasks() callback: [messageBrokerTaskScheduler, defaultSockJsTaskScheduler]
2025-03-27 16:48:25.382 DEBUG 12144 --- [pool-1-thread-1] o.e.print.service.RemoteDataService      : ÂºÄÂßãÂêåÊ≠•ÊâìÂç∞‰ªªÂä°
2025-03-27 16:48:25.382 DEBUG 12144 --- [pool-1-thread-1] o.e.print.service.RemoteDataService      : Ê≠£Âú®‰ªéhttps://mall.zhijianchibi.com/kefu_new//api/print-tasks/pendingËé∑ÂèñÊâìÂç∞‰ªªÂä°
2025-03-27 16:48:25.385  INFO 12144 --- [main] org.example.print.PrintApplication       : Started PrintApplication in 2.124 seconds (JVM running for 2.682)
2025-03-27 16:48:25.413 ERROR 12144 --- [pool-1-thread-1] o.e.print.service.RemoteDataService      : Ëé∑ÂèñÊâìÂç∞‰ªªÂä°Â§±Ë¥•

org.springframework.web.client.HttpClientErrorException$Forbidden: 403 : [no body]
	at org.springframework.web.client.HttpClientErrorException.create(HttpClientErrorException.java:109) ~[spring-web-5.3.23.jar:5.3.23]
	at org.springframework.web.client.DefaultResponseErrorHandler.handleError(DefaultResponseErrorHandler.java:168) ~[spring-web-5.3.23.jar:5.3.23]
	at org.springframework.web.client.DefaultResponseErrorHandler.handleError(DefaultResponseErrorHandler.java:122) ~[spring-web-5.3.23.jar:5.3.23]
	at org.springframework.web.client.ResponseErrorHandler.handleError(ResponseErrorHandler.java:63) ~[spring-web-5.3.23.jar:5.3.23]
	at org.springframework.web.client.RestTemplate.handleResponse(RestTemplate.java:819) ~[spring-web-5.3.23.jar:5.3.23]
	at org.springframework.web.client.RestTemplate.doExecute(RestTemplate.java:777) ~[spring-web-5.3.23.jar:5.3.23]
	at org.springframework.web.client.RestTemplate.execute(RestTemplate.java:711) ~[spring-web-5.3.23.jar:5.3.23]
	at org.springframework.web.client.RestTemplate.exchange(RestTemplate.java:631) ~[spring-web-5.3.23.jar:5.3.23]
	at org.example.print.service.RemoteDataService.fetchPrintTasks(RemoteDataService.java:263) [classes/:na]
	at org.example.print.service.RemoteDataService.syncPrintTasks(RemoteDataService.java:230) [classes/:na]
	at sun.reflect.NativeMethodAccessorImpl.invoke0(Native Method) ~[na:1.8.0_202]
	at sun.reflect.NativeMethodAccessorImpl.invoke(NativeMethodAccessorImpl.java:62) ~[na:1.8.0_202]
	at sun.reflect.DelegatingMethodAccessorImpl.invoke(DelegatingMethodAccessorImpl.java:43) ~[na:1.8.0_202]
	at java.lang.reflect.Method.invoke(Method.java:498) ~[na:1.8.0_202]
	at org.springframework.scheduling.support.ScheduledMethodRunnable.run(ScheduledMethodRunnable.java:84) [spring-context-5.3.23.jar:5.3.23]
	at org.springframework.scheduling.support.DelegatingErrorHandlingRunnable.run(DelegatingErrorHandlingRunnable.java:54) [spring-context-5.3.23.jar:5.3.23]
	at java.util.concurrent.Executors$RunnableAdapter.call(Executors.java:511) [na:1.8.0_202]
	at java.util.concurrent.FutureTask.runAndReset(FutureTask.java:308) [na:1.8.0_202]
	at java.util.concurrent.ScheduledThreadPoolExecutor$ScheduledFutureTask.access$301(ScheduledThreadPoolExecutor.java:180) [na:1.8.0_202]
	at java.util.concurrent.ScheduledThreadPoolExecutor$ScheduledFutureTask.run(ScheduledThreadPoolExecutor.java:294) [na:1.8.0_202]
	at java.util.concurrent.ThreadPoolExecutor.runWorker(ThreadPoolExecutor.java:1149) [na:1.8.0_202]
	at java.util.concurrent.ThreadPoolExecutor$Worker.run(ThreadPoolExecutor.java:624) [na:1.8.0_202]
	at java.lang.Thread.run(Thread.java:748) [na:1.8.0_202]

2025-03-27 16:48:30.146  INFO 12144 --- [Thread-17] o.e.print.service.RemoteDataService      : Ê≠£Âú®ËøûÊé•STOMPÊúçÂä°: https://mall.zhijianchibi.com/kefu_new//print-ws
2025-03-27 16:48:30.372 ERROR 12144 --- [SimpleAsyncTaskExecutor-1] o.s.w.s.s.c.DefaultTransportRequest      : No more fallback transports after TransportRequest[url=wss://mall.zhijianchibi.com/kefu_new/print-ws/398/27ccfa1df05a40168763c9292087bb5d/websocket]

javax.websocket.DeploymentException: The HTTP response from the server [200] did not permit the HTTP upgrade to WebSocket
	at org.apache.tomcat.websocket.WsWebSocketContainer.connectToServerRecursive(WsWebSocketContainer.java:400) ~[tomcat-embed-websocket-9.0.68.jar:9.0.68]
	at org.apache.tomcat.websocket.WsWebSocketContainer.connectToServer(WsWebSocketContainer.java:185) ~[tomcat-embed-websocket-9.0.68.jar:9.0.68]
	at org.springframework.web.socket.client.standard.StandardWebSocketClient.lambda$doHandshakeInternal$0(StandardWebSocketClient.java:151) ~[spring-websocket-5.3.23.jar:5.3.23]
	at java.util.concurrent.FutureTask.run(FutureTask.java:266) ~[na:1.8.0_202]
	at java.lang.Thread.run(Thread.java:748) [na:1.8.0_202]

2025-03-27 16:48:30.373 ERROR 12144 --- [SimpleAsyncTaskExecutor-1] o.e.print.service.RemoteDataService      : STOMP‰º†ËæìÈîôËØØ

javax.websocket.DeploymentException: The HTTP response from the server [200] did not permit the HTTP upgrade to WebSocket
	at org.apache.tomcat.websocket.WsWebSocketContainer.connectToServerRecursive(WsWebSocketContainer.java:400) ~[tomcat-embed-websocket-9.0.68.jar:9.0.68]
	at org.apache.tomcat.websocket.WsWebSocketContainer.connectToServer(WsWebSocketContainer.java:185) ~[tomcat-embed-websocket-9.0.68.jar:9.0.68]
	at org.springframework.web.socket.client.standard.StandardWebSocketClient.lambda$doHandshakeInternal$0(StandardWebSocketClient.java:151) ~[spring-websocket-5.3.23.jar:5.3.23]
	at java.util.concurrent.FutureTask.run(FutureTask.java:266) ~[na:1.8.0_202]
	at java.lang.Thread.run(Thread.java:748) [na:1.8.0_202]

2025-03-27 16:48:30.373  INFO 12144 --- [Thread-26] o.e.print.service.RemoteDataService      : ËÆ°ÂàíÂú®5000ÊØ´ÁßíÂêéÈáçÊñ∞ËøûÊé•STOMP
2025-03-27 16:48:35.387  INFO 12144 --- [Thread-26] o.e.print.service.RemoteDataService      : Ê≠£Âú®ËøûÊé•STOMPÊúçÂä°: https://mall.zhijianchibi.com/kefu_new//print-ws
2025-03-27 16:48:35.686 ERROR 12144 --- [SimpleAsyncTaskExecutor-1] o.s.w.s.s.c.DefaultTransportRequest      : No more fallback transports after TransportRequest[url=wss://mall.zhijianchibi.com/kefu_new/print-ws/542/3aec798689544f26aafbf1dace3a1890/websocket]

javax.websocket.DeploymentException: The HTTP response from the server [200] did not permit the HTTP upgrade to WebSocket
	at org.apache.tomcat.websocket.WsWebSocketContainer.connectToServerRecursive(WsWebSocketContainer.java:400) ~[tomcat-embed-websocket-9.0.68.jar:9.0.68]
	at org.apache.tomcat.websocket.WsWebSocketContainer.connectToServer(WsWebSocketContainer.java:185) ~[tomcat-embed-websocket-9.0.68.jar:9.0.68]
	at org.springframework.web.socket.client.standard.StandardWebSocketClient.lambda$doHandshakeInternal$0(StandardWebSocketClient.java:151) ~[spring-websocket-5.3.23.jar:5.3.23]
	at java.util.concurrent.FutureTask.run(FutureTask.java:266) ~[na:1.8.0_202]
	at java.lang.Thread.run(Thread.java:748) [na:1.8.0_202]

2025-03-27 16:48:35.687 ERROR 12144 --- [SimpleAsyncTaskExecutor-1] o.e.print.service.RemoteDataService      : STOMP‰º†ËæìÈîôËØØ

javax.websocket.DeploymentException: The HTTP response from the server [200] did not permit the HTTP upgrade to WebSocket
	at org.apache.tomcat.websocket.WsWebSocketContainer.connectToServerRecursive(WsWebSocketContainer.java:400) ~[tomcat-embed-websocket-9.0.68.jar:9.0.68]
	at org.apache.tomcat.websocket.WsWebSocketContainer.connectToServer(WsWebSocketContainer.java:185) ~[tomcat-embed-websocket-9.0.68.jar:9.0.68]
	at org.springframework.web.socket.client.standard.StandardWebSocketClient.lambda$doHandshakeInternal$0(StandardWebSocketClient.java:151) ~[spring-websocket-5.3.23.jar:5.3.23]
	at java.util.concurrent.FutureTask.run(FutureTask.java:266) ~[na:1.8.0_202]
	at java.lang.Thread.run(Thread.java:748) [na:1.8.0_202]

2025-03-27 16:48:35.687  INFO 12144 --- [Thread-30] o.e.print.service.RemoteDataService      : ËÆ°ÂàíÂú®5000ÊØ´ÁßíÂêéÈáçÊñ∞ËøûÊé•STOMP
2025-03-27 16:48:40.702  INFO 12144 --- [Thread-30] o.e.print.service.RemoteDataService      : Ê≠£Âú®ËøûÊé•STOMPÊúçÂä°: https://mall.zhijianchibi.com/kefu_new//print-ws
2025-03-27 16:48:41.004 ERROR 12144 --- [SimpleAsyncTaskExecutor-1] o.s.w.s.s.c.DefaultTransportRequest      : No more fallback transports after TransportRequest[url=wss://mall.zhijianchibi.com/kefu_new/print-ws/613/ad06621d76e94abb92f195c3a2ffcfc0/websocket]

javax.websocket.DeploymentException: The HTTP response from the server [200] did not permit the HTTP upgrade to WebSocket
	at org.apache.tomcat.websocket.WsWebSocketContainer.connectToServerRecursive(WsWebSocketContainer.java:400) ~[tomcat-embed-websocket-9.0.68.jar:9.0.68]
	at org.apache.tomcat.websocket.WsWebSocketContainer.connectToServer(WsWebSocketContainer.java:185) ~[tomcat-embed-websocket-9.0.68.jar:9.0.68]
	at org.springframework.web.socket.client.standard.StandardWebSocketClient.lambda$doHandshakeInternal$0(StandardWebSocketClient.java:151) ~[spring-websocket-5.3.23.jar:5.3.23]
	at java.util.concurrent.FutureTask.run(FutureTask.java:266) ~[na:1.8.0_202]
	at java.lang.Thread.run(Thread.java:748) [na:1.8.0_202]

2025-03-27 16:48:41.004 ERROR 12144 --- [SimpleAsyncTaskExecutor-1] o.e.print.service.RemoteDataService      : STOMP‰º†ËæìÈîôËØØ

javax.websocket.DeploymentException: The HTTP response from the server [200] did not permit the HTTP upgrade to WebSocket
	at org.apache.tomcat.websocket.WsWebSocketContainer.connectToServerRecursive(WsWebSocketContainer.java:400) ~[tomcat-embed-websocket-9.0.68.jar:9.0.68]
	at org.apache.tomcat.websocket.WsWebSocketContainer.connectToServer(WsWebSocketContainer.java:185) ~[tomcat-embed-websocket-9.0.68.jar:9.0.68]
	at org.springframework.web.socket.client.standard.StandardWebSocketClient.lambda$doHandshakeInternal$0(StandardWebSocketClient.java:151) ~[spring-websocket-5.3.23.jar:5.3.23]
	at java.util.concurrent.FutureTask.run(FutureTask.java:266) ~[na:1.8.0_202]
	at java.lang.Thread.run(Thread.java:748) [na:1.8.0_202]

2025-03-27 16:48:41.005  INFO 12144 --- [Thread-34] o.e.print.service.RemoteDataService      : ËÆ°ÂàíÂú®5000ÊØ´ÁßíÂêéÈáçÊñ∞ËøûÊé•STOMP
2025-03-27 16:48:41.949  INFO 12144 --- [http-nio-8080-exec-2] o.a.c.c.C.[Tomcat].[localhost].[/]       : Initializing Spring DispatcherServlet 'dispatcherServlet'
2025-03-27 16:48:41.949  INFO 12144 --- [http-nio-8080-exec-2] o.s.web.servlet.DispatcherServlet        : Initializing Servlet 'dispatcherServlet'
2025-03-27 16:48:41.950  INFO 12144 --- [http-nio-8080-exec-2] o.s.web.servlet.DispatcherServlet        : Completed initialization in 1 ms
2025-03-27 16:48:41.965 ERROR 12144 --- [http-nio-8080-exec-2] o.a.c.c.C.[.[.[/].[dispatcherServlet]    : Servlet.service() for servlet [dispatcherServlet] in context with path [] threw exception [Request processing failed; nested exception is java.lang.IllegalArgumentException: When allowCredentials is true, allowedOrigins cannot contain the special value "*" since that cannot be set on the "Access-Control-Allow-Origin" response header. To allow credentials to a set of origins, list them explicitly or consider using "allowedOriginPatterns" instead.] with root cause

java.lang.IllegalArgumentException: When allowCredentials is true, allowedOrigins cannot contain the special value "*" since that cannot be set on the "Access-Control-Allow-Origin" response header. To allow credentials to a set of origins, list them explicitly or consider using "allowedOriginPatterns" instead.
	at org.springframework.web.cors.CorsConfiguration.validateAllowCredentials(CorsConfiguration.java:473) ~[spring-web-5.3.23.jar:5.3.23]
	at org.springframework.web.servlet.handler.AbstractHandlerMapping.getHandler(AbstractHandlerMapping.java:532) ~[spring-webmvc-5.3.23.jar:5.3.23]
	at org.springframework.web.servlet.DispatcherServlet.getHandler(DispatcherServlet.java:1265) ~[spring-webmvc-5.3.23.jar:5.3.23]
	at org.springframework.web.servlet.DispatcherServlet.doDispatch(DispatcherServlet.java:1047) ~[spring-webmvc-5.3.23.jar:5.3.23]
	at org.springframework.web.servlet.DispatcherServlet.doService(DispatcherServlet.java:964) ~[spring-webmvc-5.3.23.jar:5.3.23]
	at org.springframework.web.servlet.FrameworkServlet.processRequest(FrameworkServlet.java:1006) ~[spring-webmvc-5.3.23.jar:5.3.23]
	at org.springframework.web.servlet.FrameworkServlet.doGet(FrameworkServlet.java:898) ~[spring-webmvc-5.3.23.jar:5.3.23]
	at javax.servlet.http.HttpServlet.service(HttpServlet.java:670) ~[tomcat-embed-core-9.0.68.jar:4.0.FR]
	at org.springframework.web.servlet.FrameworkServlet.service(FrameworkServlet.java:883) ~[spring-webmvc-5.3.23.jar:5.3.23]
	at javax.servlet.http.HttpServlet.service(HttpServlet.java:779) ~[tomcat-embed-core-9.0.68.jar:4.0.FR]
	at org.apache.catalina.core.ApplicationFilterChain.internalDoFilter(ApplicationFilterChain.java:227) ~[tomcat-embed-core-9.0.68.jar:9.0.68]
	at org.apache.catalina.core.ApplicationFilterChain.doFilter(ApplicationFilterChain.java:162) ~[tomcat-embed-core-9.0.68.jar:9.0.68]
	at org.apache.tomcat.websocket.server.WsFilter.doFilter(WsFilter.java:53) ~[tomcat-embed-websocket-9.0.68.jar:9.0.68]
	at org.apache.catalina.core.ApplicationFilterChain.internalDoFilter(ApplicationFilterChain.java:189) ~[tomcat-embed-core-9.0.68.jar:9.0.68]
	at org.apache.catalina.core.ApplicationFilterChain.doFilter(ApplicationFilterChain.java:162) ~[tomcat-embed-core-9.0.68.jar:9.0.68]
	at org.springframework.web.filter.RequestContextFilter.doFilterInternal(RequestContextFilter.java:100) ~[spring-web-5.3.23.jar:5.3.23]
	at org.springframework.web.filter.OncePerRequestFilter.doFilter(OncePerRequestFilter.java:117) ~[spring-web-5.3.23.jar:5.3.23]
	at org.apache.catalina.core.ApplicationFilterChain.internalDoFilter(ApplicationFilterChain.java:189) ~[tomcat-embed-core-9.0.68.jar:9.0.68]
	at org.apache.catalina.core.ApplicationFilterChain.doFilter(ApplicationFilterChain.java:162) ~[tomcat-embed-core-9.0.68.jar:9.0.68]
	at org.springframework.web.filter.FormContentFilter.doFilterInternal(FormContentFilter.java:93) ~[spring-web-5.3.23.jar:5.3.23]
	at org.springframework.web.filter.OncePerRequestFilter.doFilter(OncePerRequestFilter.java:117) ~[spring-web-5.3.23.jar:5.3.23]
	at org.apache.catalina.core.ApplicationFilterChain.internalDoFilter(ApplicationFilterChain.java:189) ~[tomcat-embed-core-9.0.68.jar:9.0.68]
	at org.apache.catalina.core.ApplicationFilterChain.doFilter(ApplicationFilterChain.java:162) ~[tomcat-embed-core-9.0.68.jar:9.0.68]
	at org.springframework.web.filter.CharacterEncodingFilter.doFilterInternal(CharacterEncodingFilter.java:201) ~[spring-web-5.3.23.jar:5.3.23]
	at org.springframework.web.filter.OncePerRequestFilter.doFilter(OncePerRequestFilter.java:117) ~[spring-web-5.3.23.jar:5.3.23]
	at org.apache.catalina.core.ApplicationFilterChain.internalDoFilter(ApplicationFilterChain.java:189) ~[tomcat-embed-core-9.0.68.jar:9.0.68]
	at org.apache.catalina.core.ApplicationFilterChain.doFilter(ApplicationFilterChain.java:162) ~[tomcat-embed-core-9.0.68.jar:9.0.68]
	at org.apache.catalina.core.StandardWrapperValve.invoke(StandardWrapperValve.java:197) ~[tomcat-embed-core-9.0.68.jar:9.0.68]
	at org.apache.catalina.core.StandardContextValve.invoke(StandardContextValve.java:97) [tomcat-embed-core-9.0.68.jar:9.0.68]
	at org.apache.catalina.authenticator.AuthenticatorBase.invoke(AuthenticatorBase.java:541) [tomcat-embed-core-9.0.68.jar:9.0.68]
	at org.apache.catalina.core.StandardHostValve.invoke(StandardHostValve.java:135) [tomcat-embed-core-9.0.68.jar:9.0.68]
	at org.apache.catalina.valves.ErrorReportValve.invoke(ErrorReportValve.java:92) [tomcat-embed-core-9.0.68.jar:9.0.68]
	at org.apache.catalina.core.StandardEngineValve.invoke(StandardEngineValve.java:78) [tomcat-embed-core-9.0.68.jar:9.0.68]
	at org.apache.catalina.connector.CoyoteAdapter.service(CoyoteAdapter.java:360) [tomcat-embed-core-9.0.68.jar:9.0.68]
	at org.apache.coyote.http11.Http11Processor.service(Http11Processor.java:399) [tomcat-embed-core-9.0.68.jar:9.0.68]
	at org.apache.coyote.AbstractProcessorLight.process(AbstractProcessorLight.java:65) [tomcat-embed-core-9.0.68.jar:9.0.68]
	at org.apache.coyote.AbstractProtocol$ConnectionHandler.process(AbstractProtocol.java:893) [tomcat-embed-core-9.0.68.jar:9.0.68]
	at org.apache.tomcat.util.net.NioEndpoint$SocketProcessor.doRun(NioEndpoint.java:1789) [tomcat-embed-core-9.0.68.jar:9.0.68]
	at org.apache.tomcat.util.net.SocketProcessorBase.run(SocketProcessorBase.java:49) [tomcat-embed-core-9.0.68.jar:9.0.68]
	at org.apache.tomcat.util.threads.ThreadPoolExecutor.runWorker(ThreadPoolExecutor.java:1191) [tomcat-embed-core-9.0.68.jar:9.0.68]
	at org.apache.tomcat.util.threads.ThreadPoolExecutor$Worker.run(ThreadPoolExecutor.java:659) [tomcat-embed-core-9.0.68.jar:9.0.68]
	at org.apache.tomcat.util.threads.TaskThread$WrappingRunnable.run(TaskThread.java:61) [tomcat-embed-core-9.0.68.jar:9.0.68]
	at java.lang.Thread.run(Thread.java:748) [na:1.8.0_202]

2025-03-27 16:48:44.215 ERROR 12144 --- [http-nio-8080-exec-1] o.a.c.c.C.[.[.[/].[dispatcherServlet]    : Servlet.service() for servlet [dispatcherServlet] in context with path [] threw exception [Request processing failed; nested exception is java.lang.IllegalArgumentException: When allowCredentials is true, allowedOrigins cannot contain the special value "*" since that cannot be set on the "Access-Control-Allow-Origin" response header. To allow credentials to a set of origins, list them explicitly or consider using "allowedOriginPatterns" instead.] with root cause

java.lang.IllegalArgumentException: When allowCredentials is true, allowedOrigins cannot contain the special value "*" since that cannot be set on the "Access-Control-Allow-Origin" response header. To allow credentials to a set of origins, list them explicitly or consider using "allowedOriginPatterns" instead.
	at org.springframework.web.cors.CorsConfiguration.validateAllowCredentials(CorsConfiguration.java:473) ~[spring-web-5.3.23.jar:5.3.23]
	at org.springframework.web.servlet.handler.AbstractHandlerMapping.getHandler(AbstractHandlerMapping.java:532) ~[spring-webmvc-5.3.23.jar:5.3.23]
	at org.springframework.web.servlet.DispatcherServlet.getHandler(DispatcherServlet.java:1265) ~[spring-webmvc-5.3.23.jar:5.3.23]
	at org.springframework.web.servlet.DispatcherServlet.doDispatch(DispatcherServlet.java:1047) ~[spring-webmvc-5.3.23.jar:5.3.23]
	at org.springframework.web.servlet.DispatcherServlet.doService(DispatcherServlet.java:964) ~[spring-webmvc-5.3.23.jar:5.3.23]
	at org.springframework.web.servlet.FrameworkServlet.processRequest(FrameworkServlet.java:1006) ~[spring-webmvc-5.3.23.jar:5.3.23]
	at org.springframework.web.servlet.FrameworkServlet.doGet(FrameworkServlet.java:898) ~[spring-webmvc-5.3.23.jar:5.3.23]
	at javax.servlet.http.HttpServlet.service(HttpServlet.java:670) ~[tomcat-embed-core-9.0.68.jar:4.0.FR]
	at org.springframework.web.servlet.FrameworkServlet.service(FrameworkServlet.java:883) ~[spring-webmvc-5.3.23.jar:5.3.23]
	at javax.servlet.http.HttpServlet.service(HttpServlet.java:779) ~[tomcat-embed-core-9.0.68.jar:4.0.FR]
	at org.apache.catalina.core.ApplicationFilterChain.internalDoFilter(ApplicationFilterChain.java:227) ~[tomcat-embed-core-9.0.68.jar:9.0.68]
	at org.apache.catalina.core.ApplicationFilterChain.doFilter(ApplicationFilterChain.java:162) ~[tomcat-embed-core-9.0.68.jar:9.0.68]
	at org.apache.tomcat.websocket.server.WsFilter.doFilter(WsFilter.java:53) ~[tomcat-embed-websocket-9.0.68.jar:9.0.68]
	at org.apache.catalina.core.ApplicationFilterChain.internalDoFilter(ApplicationFilterChain.java:189) ~[tomcat-embed-core-9.0.68.jar:9.0.68]
	at org.apache.catalina.core.ApplicationFilterChain.doFilter(ApplicationFilterChain.java:162) ~[tomcat-embed-core-9.0.68.jar:9.0.68]
	at org.springframework.web.filter.RequestContextFilter.doFilterInternal(RequestContextFilter.java:100) ~[spring-web-5.3.23.jar:5.3.23]
	at org.springframework.web.filter.OncePerRequestFilter.doFilter(OncePerRequestFilter.java:117) ~[spring-web-5.3.23.jar:5.3.23]
	at org.apache.catalina.core.ApplicationFilterChain.internalDoFilter(ApplicationFilterChain.java:189) ~[tomcat-embed-core-9.0.68.jar:9.0.68]
	at org.apache.catalina.core.ApplicationFilterChain.doFilter(ApplicationFilterChain.java:162) ~[tomcat-embed-core-9.0.68.jar:9.0.68]
	at org.springframework.web.filter.FormContentFilter.doFilterInternal(FormContentFilter.java:93) ~[spring-web-5.3.23.jar:5.3.23]
	at org.springframework.web.filter.OncePerRequestFilter.doFilter(OncePerRequestFilter.java:117) ~[spring-web-5.3.23.jar:5.3.23]
	at org.apache.catalina.core.ApplicationFilterChain.internalDoFilter(ApplicationFilterChain.java:189) ~[tomcat-embed-core-9.0.68.jar:9.0.68]
	at org.apache.catalina.core.ApplicationFilterChain.doFilter(ApplicationFilterChain.java:162) ~[tomcat-embed-core-9.0.68.jar:9.0.68]
	at org.springframework.web.filter.CharacterEncodingFilter.doFilterInternal(CharacterEncodingFilter.java:201) ~[spring-web-5.3.23.jar:5.3.23]
	at org.springframework.web.filter.OncePerRequestFilter.doFilter(OncePerRequestFilter.java:117) ~[spring-web-5.3.23.jar:5.3.23]
	at org.apache.catalina.core.ApplicationFilterChain.internalDoFilter(ApplicationFilterChain.java:189) ~[tomcat-embed-core-9.0.68.jar:9.0.68]
	at org.apache.catalina.core.ApplicationFilterChain.doFilter(ApplicationFilterChain.java:162) ~[tomcat-embed-core-9.0.68.jar:9.0.68]
	at org.apache.catalina.core.StandardWrapperValve.invoke(StandardWrapperValve.java:197) ~[tomcat-embed-core-9.0.68.jar:9.0.68]
	at org.apache.catalina.core.StandardContextValve.invoke(StandardContextValve.java:97) [tomcat-embed-core-9.0.68.jar:9.0.68]
	at org.apache.catalina.authenticator.AuthenticatorBase.invoke(AuthenticatorBase.java:541) [tomcat-embed-core-9.0.68.jar:9.0.68]
	at org.apache.catalina.core.StandardHostValve.invoke(StandardHostValve.java:135) [tomcat-embed-core-9.0.68.jar:9.0.68]
	at org.apache.catalina.valves.ErrorReportValve.invoke(ErrorReportValve.java:92) [tomcat-embed-core-9.0.68.jar:9.0.68]
	at org.apache.catalina.core.StandardEngineValve.invoke(StandardEngineValve.java:78) [tomcat-embed-core-9.0.68.jar:9.0.68]
	at org.apache.catalina.connector.CoyoteAdapter.service(CoyoteAdapter.java:360) [tomcat-embed-core-9.0.68.jar:9.0.68]
	at org.apache.coyote.http11.Http11Processor.service(Http11Processor.java:399) [tomcat-embed-core-9.0.68.jar:9.0.68]
	at org.apache.coyote.AbstractProcessorLight.process(AbstractProcessorLight.java:65) [tomcat-embed-core-9.0.68.jar:9.0.68]
	at org.apache.coyote.AbstractProtocol$ConnectionHandler.process(AbstractProtocol.java:893) [tomcat-embed-core-9.0.68.jar:9.0.68]
	at org.apache.tomcat.util.net.NioEndpoint$SocketProcessor.doRun(NioEndpoint.java:1789) [tomcat-embed-core-9.0.68.jar:9.0.68]
	at org.apache.tomcat.util.net.SocketProcessorBase.run(SocketProcessorBase.java:49) [tomcat-embed-core-9.0.68.jar:9.0.68]
	at org.apache.tomcat.util.threads.ThreadPoolExecutor.runWorker(ThreadPoolExecutor.java:1191) [tomcat-embed-core-9.0.68.jar:9.0.68]
	at org.apache.tomcat.util.threads.ThreadPoolExecutor$Worker.run(ThreadPoolExecutor.java:659) [tomcat-embed-core-9.0.68.jar:9.0.68]
	at org.apache.tomcat.util.threads.TaskThread$WrappingRunnable.run(TaskThread.java:61) [tomcat-embed-core-9.0.68.jar:9.0.68]
	at java.lang.Thread.run(Thread.java:748) [na:1.8.0_202]

2025-03-27 16:48:45.217 ERROR 12144 --- [http-nio-8080-exec-3] o.a.c.c.C.[.[.[/].[dispatcherServlet]    : Servlet.service() for servlet [dispatcherServlet] in context with path [] threw exception [Request processing failed; nested exception is java.lang.IllegalArgumentException: When allowCredentials is true, allowedOrigins cannot contain the special value "*" since that cannot be set on the "Access-Control-Allow-Origin" response header. To allow credentials to a set of origins, list them explicitly or consider using "allowedOriginPatterns" instead.] with root cause

java.lang.IllegalArgumentException: When allowCredentials is true, allowedOrigins cannot contain the special value "*" since that cannot be set on the "Access-Control-Allow-Origin" response header. To allow credentials to a set of origins, list them explicitly or consider using "allowedOriginPatterns" instead.
	at org.springframework.web.cors.CorsConfiguration.validateAllowCredentials(CorsConfiguration.java:473) ~[spring-web-5.3.23.jar:5.3.23]
	at org.springframework.web.servlet.handler.AbstractHandlerMapping.getHandler(AbstractHandlerMapping.java:532) ~[spring-webmvc-5.3.23.jar:5.3.23]
	at org.springframework.web.servlet.DispatcherServlet.getHandler(DispatcherServlet.java:1265) ~[spring-webmvc-5.3.23.jar:5.3.23]
	at org.springframework.web.servlet.DispatcherServlet.doDispatch(DispatcherServlet.java:1047) ~[spring-webmvc-5.3.23.jar:5.3.23]
	at org.springframework.web.servlet.DispatcherServlet.doService(DispatcherServlet.java:964) ~[spring-webmvc-5.3.23.jar:5.3.23]
	at org.springframework.web.servlet.FrameworkServlet.processRequest(FrameworkServlet.java:1006) ~[spring-webmvc-5.3.23.jar:5.3.23]
	at org.springframework.web.servlet.FrameworkServlet.doGet(FrameworkServlet.java:898) ~[spring-webmvc-5.3.23.jar:5.3.23]
	at javax.servlet.http.HttpServlet.service(HttpServlet.java:670) ~[tomcat-embed-core-9.0.68.jar:4.0.FR]
	at org.springframework.web.servlet.FrameworkServlet.service(FrameworkServlet.java:883) ~[spring-webmvc-5.3.23.jar:5.3.23]
	at javax.servlet.http.HttpServlet.service(HttpServlet.java:779) ~[tomcat-embed-core-9.0.68.jar:4.0.FR]
	at org.apache.catalina.core.ApplicationFilterChain.internalDoFilter(ApplicationFilterChain.java:227) ~[tomcat-embed-core-9.0.68.jar:9.0.68]
	at org.apache.catalina.core.ApplicationFilterChain.doFilter(ApplicationFilterChain.java:162) ~[tomcat-embed-core-9.0.68.jar:9.0.68]
	at org.apache.tomcat.websocket.server.WsFilter.doFilter(WsFilter.java:53) ~[tomcat-embed-websocket-9.0.68.jar:9.0.68]
	at org.apache.catalina.core.ApplicationFilterChain.internalDoFilter(ApplicationFilterChain.java:189) ~[tomcat-embed-core-9.0.68.jar:9.0.68]
	at org.apache.catalina.core.ApplicationFilterChain.doFilter(ApplicationFilterChain.java:162) ~[tomcat-embed-core-9.0.68.jar:9.0.68]
	at org.springframework.web.filter.RequestContextFilter.doFilterInternal(RequestContextFilter.java:100) ~[spring-web-5.3.23.jar:5.3.23]
	at org.springframework.web.filter.OncePerRequestFilter.doFilter(OncePerRequestFilter.java:117) ~[spring-web-5.3.23.jar:5.3.23]
	at org.apache.catalina.core.ApplicationFilterChain.internalDoFilter(ApplicationFilterChain.java:189) ~[tomcat-embed-core-9.0.68.jar:9.0.68]
	at org.apache.catalina.core.ApplicationFilterChain.doFilter(ApplicationFilterChain.java:162) ~[tomcat-embed-core-9.0.68.jar:9.0.68]
	at org.springframework.web.filter.FormContentFilter.doFilterInternal(FormContentFilter.java:93) ~[spring-web-5.3.23.jar:5.3.23]
	at org.springframework.web.filter.OncePerRequestFilter.doFilter(OncePerRequestFilter.java:117) ~[spring-web-5.3.23.jar:5.3.23]
	at org.apache.catalina.core.ApplicationFilterChain.internalDoFilter(ApplicationFilterChain.java:189) ~[tomcat-embed-core-9.0.68.jar:9.0.68]
	at org.apache.catalina.core.ApplicationFilterChain.doFilter(ApplicationFilterChain.java:162) ~[tomcat-embed-core-9.0.68.jar:9.0.68]
	at org.springframework.web.filter.CharacterEncodingFilter.doFilterInternal(CharacterEncodingFilter.java:201) ~[spring-web-5.3.23.jar:5.3.23]
	at org.springframework.web.filter.OncePerRequestFilter.doFilter(OncePerRequestFilter.java:117) ~[spring-web-5.3.23.jar:5.3.23]
	at org.apache.catalina.core.ApplicationFilterChain.internalDoFilter(ApplicationFilterChain.java:189) ~[tomcat-embed-core-9.0.68.jar:9.0.68]
	at org.apache.catalina.core.ApplicationFilterChain.doFilter(ApplicationFilterChain.java:162) ~[tomcat-embed-core-9.0.68.jar:9.0.68]
	at org.apache.catalina.core.StandardWrapperValve.invoke(StandardWrapperValve.java:197) ~[tomcat-embed-core-9.0.68.jar:9.0.68]
	at org.apache.catalina.core.StandardContextValve.invoke(StandardContextValve.java:97) [tomcat-embed-core-9.0.68.jar:9.0.68]
	at org.apache.catalina.authenticator.AuthenticatorBase.invoke(AuthenticatorBase.java:541) [tomcat-embed-core-9.0.68.jar:9.0.68]
	at org.apache.catalina.core.StandardHostValve.invoke(StandardHostValve.java:135) [tomcat-embed-core-9.0.68.jar:9.0.68]
	at org.apache.catalina.valves.ErrorReportValve.invoke(ErrorReportValve.java:92) [tomcat-embed-core-9.0.68.jar:9.0.68]
	at org.apache.catalina.core.StandardEngineValve.invoke(StandardEngineValve.java:78) [tomcat-embed-core-9.0.68.jar:9.0.68]
	at org.apache.catalina.connector.CoyoteAdapter.service(CoyoteAdapter.java:360) [tomcat-embed-core-9.0.68.jar:9.0.68]
	at org.apache.coyote.http11.Http11Processor.service(Http11Processor.java:399) [tomcat-embed-core-9.0.68.jar:9.0.68]
	at org.apache.coyote.AbstractProcessorLight.process(AbstractProcessorLight.java:65) [tomcat-embed-core-9.0.68.jar:9.0.68]
	at org.apache.coyote.AbstractProtocol$ConnectionHandler.process(AbstractProtocol.java:893) [tomcat-embed-core-9.0.68.jar:9.0.68]
	at org.apache.tomcat.util.net.NioEndpoint$SocketProcessor.doRun(NioEndpoint.java:1789) [tomcat-embed-core-9.0.68.jar:9.0.68]
	at org.apache.tomcat.util.net.SocketProcessorBase.run(SocketProcessorBase.java:49) [tomcat-embed-core-9.0.68.jar:9.0.68]
	at org.apache.tomcat.util.threads.ThreadPoolExecutor.runWorker(ThreadPoolExecutor.java:1191) [tomcat-embed-core-9.0.68.jar:9.0.68]
	at org.apache.tomcat.util.threads.ThreadPoolExecutor$Worker.run(ThreadPoolExecutor.java:659) [tomcat-embed-core-9.0.68.jar:9.0.68]
	at org.apache.tomcat.util.threads.TaskThread$WrappingRunnable.run(TaskThread.java:61) [tomcat-embed-core-9.0.68.jar:9.0.68]
	at java.lang.Thread.run(Thread.java:748) [na:1.8.0_202]

2025-03-27 16:48:45.912 ERROR 12144 --- [http-nio-8080-exec-6] o.a.c.c.C.[.[.[/].[dispatcherServlet]    : Servlet.service() for servlet [dispatcherServlet] in context with path [] threw exception [Request processing failed; nested exception is java.lang.IllegalArgumentException: When allowCredentials is true, allowedOrigins cannot contain the special value "*" since that cannot be set on the "Access-Control-Allow-Origin" response header. To allow credentials to a set of origins, list them explicitly or consider using "allowedOriginPatterns" instead.] with root cause

java.lang.IllegalArgumentException: When allowCredentials is true, allowedOrigins cannot contain the special value "*" since that cannot be set on the "Access-Control-Allow-Origin" response header. To allow credentials to a set of origins, list them explicitly or consider using "allowedOriginPatterns" instead.
	at org.springframework.web.cors.CorsConfiguration.validateAllowCredentials(CorsConfiguration.java:473) ~[spring-web-5.3.23.jar:5.3.23]
	at org.springframework.web.servlet.handler.AbstractHandlerMapping.getHandler(AbstractHandlerMapping.java:532) ~[spring-webmvc-5.3.23.jar:5.3.23]
	at org.springframework.web.servlet.DispatcherServlet.getHandler(DispatcherServlet.java:1265) ~[spring-webmvc-5.3.23.jar:5.3.23]
	at org.springframework.web.servlet.DispatcherServlet.doDispatch(DispatcherServlet.java:1047) ~[spring-webmvc-5.3.23.jar:5.3.23]
	at org.springframework.web.servlet.DispatcherServlet.doService(DispatcherServlet.java:964) ~[spring-webmvc-5.3.23.jar:5.3.23]
	at org.springframework.web.servlet.FrameworkServlet.processRequest(FrameworkServlet.java:1006) ~[spring-webmvc-5.3.23.jar:5.3.23]
	at org.springframework.web.servlet.FrameworkServlet.doGet(FrameworkServlet.java:898) ~[spring-webmvc-5.3.23.jar:5.3.23]
	at javax.servlet.http.HttpServlet.service(HttpServlet.java:670) ~[tomcat-embed-core-9.0.68.jar:4.0.FR]
	at org.springframework.web.servlet.FrameworkServlet.service(FrameworkServlet.java:883) ~[spring-webmvc-5.3.23.jar:5.3.23]
	at javax.servlet.http.HttpServlet.service(HttpServlet.java:779) ~[tomcat-embed-core-9.0.68.jar:4.0.FR]
	at org.apache.catalina.core.ApplicationFilterChain.internalDoFilter(ApplicationFilterChain.java:227) ~[tomcat-embed-core-9.0.68.jar:9.0.68]
	at org.apache.catalina.core.ApplicationFilterChain.doFilter(ApplicationFilterChain.java:162) ~[tomcat-embed-core-9.0.68.jar:9.0.68]
	at org.apache.tomcat.websocket.server.WsFilter.doFilter(WsFilter.java:53) ~[tomcat-embed-websocket-9.0.68.jar:9.0.68]
	at org.apache.catalina.core.ApplicationFilterChain.internalDoFilter(ApplicationFilterChain.java:189) ~[tomcat-embed-core-9.0.68.jar:9.0.68]
	at org.apache.catalina.core.ApplicationFilterChain.doFilter(ApplicationFilterChain.java:162) ~[tomcat-embed-core-9.0.68.jar:9.0.68]
	at org.springframework.web.filter.RequestContextFilter.doFilterInternal(RequestContextFilter.java:100) ~[spring-web-5.3.23.jar:5.3.23]
	at org.springframework.web.filter.OncePerRequestFilter.doFilter(OncePerRequestFilter.java:117) ~[spring-web-5.3.23.jar:5.3.23]
	at org.apache.catalina.core.ApplicationFilterChain.internalDoFilter(ApplicationFilterChain.java:189) ~[tomcat-embed-core-9.0.68.jar:9.0.68]
	at org.apache.catalina.core.ApplicationFilterChain.doFilter(ApplicationFilterChain.java:162) ~[tomcat-embed-core-9.0.68.jar:9.0.68]
	at org.springframework.web.filter.FormContentFilter.doFilterInternal(FormContentFilter.java:93) ~[spring-web-5.3.23.jar:5.3.23]
	at org.springframework.web.filter.OncePerRequestFilter.doFilter(OncePerRequestFilter.java:117) ~[spring-web-5.3.23.jar:5.3.23]
	at org.apache.catalina.core.ApplicationFilterChain.internalDoFilter(ApplicationFilterChain.java:189) ~[tomcat-embed-core-9.0.68.jar:9.0.68]
	at org.apache.catalina.core.ApplicationFilterChain.doFilter(ApplicationFilterChain.java:162) ~[tomcat-embed-core-9.0.68.jar:9.0.68]
	at org.springframework.web.filter.CharacterEncodingFilter.doFilterInternal(CharacterEncodingFilter.java:201) ~[spring-web-5.3.23.jar:5.3.23]
	at org.springframework.web.filter.OncePerRequestFilter.doFilter(OncePerRequestFilter.java:117) ~[spring-web-5.3.23.jar:5.3.23]
	at org.apache.catalina.core.ApplicationFilterChain.internalDoFilter(ApplicationFilterChain.java:189) ~[tomcat-embed-core-9.0.68.jar:9.0.68]
	at org.apache.catalina.core.ApplicationFilterChain.doFilter(ApplicationFilterChain.java:162) ~[tomcat-embed-core-9.0.68.jar:9.0.68]
	at org.apache.catalina.core.StandardWrapperValve.invoke(StandardWrapperValve.java:197) ~[tomcat-embed-core-9.0.68.jar:9.0.68]
	at org.apache.catalina.core.StandardContextValve.invoke(StandardContextValve.java:97) [tomcat-embed-core-9.0.68.jar:9.0.68]
	at org.apache.catalina.authenticator.AuthenticatorBase.invoke(AuthenticatorBase.java:541) [tomcat-embed-core-9.0.68.jar:9.0.68]
	at org.apache.catalina.core.StandardHostValve.invoke(StandardHostValve.java:135) [tomcat-embed-core-9.0.68.jar:9.0.68]
	at org.apache.catalina.valves.ErrorReportValve.invoke(ErrorReportValve.java:92) [tomcat-embed-core-9.0.68.jar:9.0.68]
	at org.apache.catalina.core.StandardEngineValve.invoke(StandardEngineValve.java:78) [tomcat-embed-core-9.0.68.jar:9.0.68]
	at org.apache.catalina.connector.CoyoteAdapter.service(CoyoteAdapter.java:360) [tomcat-embed-core-9.0.68.jar:9.0.68]
	at org.apache.coyote.http11.Http11Processor.service(Http11Processor.java:399) [tomcat-embed-core-9.0.68.jar:9.0.68]
	at org.apache.coyote.AbstractProcessorLight.process(AbstractProcessorLight.java:65) [tomcat-embed-core-9.0.68.jar:9.0.68]
	at org.apache.coyote.AbstractProtocol$ConnectionHandler.process(AbstractProtocol.java:893) [tomcat-embed-core-9.0.68.jar:9.0.68]
	at org.apache.tomcat.util.net.NioEndpoint$SocketProcessor.doRun(NioEndpoint.java:1789) [tomcat-embed-core-9.0.68.jar:9.0.68]
	at org.apache.tomcat.util.net.SocketProcessorBase.run(SocketProcessorBase.java:49) [tomcat-embed-core-9.0.68.jar:9.0.68]
	at org.apache.tomcat.util.threads.ThreadPoolExecutor.runWorker(ThreadPoolExecutor.java:1191) [tomcat-embed-core-9.0.68.jar:9.0.68]
	at org.apache.tomcat.util.threads.ThreadPoolExecutor$Worker.run(ThreadPoolExecutor.java:659) [tomcat-embed-core-9.0.68.jar:9.0.68]
	at org.apache.tomcat.util.threads.TaskThread$WrappingRunnable.run(TaskThread.java:61) [tomcat-embed-core-9.0.68.jar:9.0.68]
	at java.lang.Thread.run(Thread.java:748) [na:1.8.0_202]

2025-03-27 16:48:46.007  INFO 12144 --- [Thread-34] o.e.print.service.RemoteDataService      : Ê≠£Âú®ËøûÊé•STOMPÊúçÂä°: https://mall.zhijianchibi.com/kefu_new//print-ws
2025-03-27 16:48:46.077 ERROR 12144 --- [http-nio-8080-exec-4] o.a.c.c.C.[.[.[/].[dispatcherServlet]    : Servlet.service() for servlet [dispatcherServlet] in context with path [] threw exception [Request processing failed; nested exception is java.lang.IllegalArgumentException: When allowCredentials is true, allowedOrigins cannot contain the special value "*" since that cannot be set on the "Access-Control-Allow-Origin" response header. To allow credentials to a set of origins, list them explicitly or consider using "allowedOriginPatterns" instead.] with root cause

java.lang.IllegalArgumentException: When allowCredentials is true, allowedOrigins cannot contain the special value "*" since that cannot be set on the "Access-Control-Allow-Origin" response header. To allow credentials to a set of origins, list them explicitly or consider using "allowedOriginPatterns" instead.
	at org.springframework.web.cors.CorsConfiguration.validateAllowCredentials(CorsConfiguration.java:473) ~[spring-web-5.3.23.jar:5.3.23]
	at org.springframework.web.servlet.handler.AbstractHandlerMapping.getHandler(AbstractHandlerMapping.java:532) ~[spring-webmvc-5.3.23.jar:5.3.23]
	at org.springframework.web.servlet.DispatcherServlet.getHandler(DispatcherServlet.java:1265) ~[spring-webmvc-5.3.23.jar:5.3.23]
	at org.springframework.web.servlet.DispatcherServlet.doDispatch(DispatcherServlet.java:1047) ~[spring-webmvc-5.3.23.jar:5.3.23]
	at org.springframework.web.servlet.DispatcherServlet.doService(DispatcherServlet.java:964) ~[spring-webmvc-5.3.23.jar:5.3.23]
	at org.springframework.web.servlet.FrameworkServlet.processRequest(FrameworkServlet.java:1006) ~[spring-webmvc-5.3.23.jar:5.3.23]
	at org.springframework.web.servlet.FrameworkServlet.doGet(FrameworkServlet.java:898) ~[spring-webmvc-5.3.23.jar:5.3.23]
	at javax.servlet.http.HttpServlet.service(HttpServlet.java:670) ~[tomcat-embed-core-9.0.68.jar:4.0.FR]
	at org.springframework.web.servlet.FrameworkServlet.service(FrameworkServlet.java:883) ~[spring-webmvc-5.3.23.jar:5.3.23]
	at javax.servlet.http.HttpServlet.service(HttpServlet.java:779) ~[tomcat-embed-core-9.0.68.jar:4.0.FR]
	at org.apache.catalina.core.ApplicationFilterChain.internalDoFilter(ApplicationFilterChain.java:227) ~[tomcat-embed-core-9.0.68.jar:9.0.68]
	at org.apache.catalina.core.ApplicationFilterChain.doFilter(ApplicationFilterChain.java:162) ~[tomcat-embed-core-9.0.68.jar:9.0.68]
	at org.apache.tomcat.websocket.server.WsFilter.doFilter(WsFilter.java:53) ~[tomcat-embed-websocket-9.0.68.jar:9.0.68]
	at org.apache.catalina.core.ApplicationFilterChain.internalDoFilter(ApplicationFilterChain.java:189) ~[tomcat-embed-core-9.0.68.jar:9.0.68]
	at org.apache.catalina.core.ApplicationFilterChain.doFilter(ApplicationFilterChain.java:162) ~[tomcat-embed-core-9.0.68.jar:9.0.68]
	at org.springframework.web.filter.RequestContextFilter.doFilterInternal(RequestContextFilter.java:100) ~[spring-web-5.3.23.jar:5.3.23]
	at org.springframework.web.filter.OncePerRequestFilter.doFilter(OncePerRequestFilter.java:117) ~[spring-web-5.3.23.jar:5.3.23]
	at org.apache.catalina.core.ApplicationFilterChain.internalDoFilter(ApplicationFilterChain.java:189) ~[tomcat-embed-core-9.0.68.jar:9.0.68]
	at org.apache.catalina.core.ApplicationFilterChain.doFilter(ApplicationFilterChain.java:162) ~[tomcat-embed-core-9.0.68.jar:9.0.68]
	at org.springframework.web.filter.FormContentFilter.doFilterInternal(FormContentFilter.java:93) ~[spring-web-5.3.23.jar:5.3.23]
	at org.springframework.web.filter.OncePerRequestFilter.doFilter(OncePerRequestFilter.java:117) ~[spring-web-5.3.23.jar:5.3.23]
	at org.apache.catalina.core.ApplicationFilterChain.internalDoFilter(ApplicationFilterChain.java:189) ~[tomcat-embed-core-9.0.68.jar:9.0.68]
	at org.apache.catalina.core.ApplicationFilterChain.doFilter(ApplicationFilterChain.java:162) ~[tomcat-embed-core-9.0.68.jar:9.0.68]
	at org.springframework.web.filter.CharacterEncodingFilter.doFilterInternal(CharacterEncodingFilter.java:201) ~[spring-web-5.3.23.jar:5.3.23]
	at org.springframework.web.filter.OncePerRequestFilter.doFilter(OncePerRequestFilter.java:117) ~[spring-web-5.3.23.jar:5.3.23]
	at org.apache.catalina.core.ApplicationFilterChain.internalDoFilter(ApplicationFilterChain.java:189) ~[tomcat-embed-core-9.0.68.jar:9.0.68]
	at org.apache.catalina.core.ApplicationFilterChain.doFilter(ApplicationFilterChain.java:162) ~[tomcat-embed-core-9.0.68.jar:9.0.68]
	at org.apache.catalina.core.StandardWrapperValve.invoke(StandardWrapperValve.java:197) ~[tomcat-embed-core-9.0.68.jar:9.0.68]
	at org.apache.catalina.core.StandardContextValve.invoke(StandardContextValve.java:97) [tomcat-embed-core-9.0.68.jar:9.0.68]
	at org.apache.catalina.authenticator.AuthenticatorBase.invoke(AuthenticatorBase.java:541) [tomcat-embed-core-9.0.68.jar:9.0.68]
	at org.apache.catalina.core.StandardHostValve.invoke(StandardHostValve.java:135) [tomcat-embed-core-9.0.68.jar:9.0.68]
	at org.apache.catalina.valves.ErrorReportValve.invoke(ErrorReportValve.java:92) [tomcat-embed-core-9.0.68.jar:9.0.68]
	at org.apache.catalina.core.StandardEngineValve.invoke(StandardEngineValve.java:78) [tomcat-embed-core-9.0.68.jar:9.0.68]
	at org.apache.catalina.connector.CoyoteAdapter.service(CoyoteAdapter.java:360) [tomcat-embed-core-9.0.68.jar:9.0.68]
	at org.apache.coyote.http11.Http11Processor.service(Http11Processor.java:399) [tomcat-embed-core-9.0.68.jar:9.0.68]
	at org.apache.coyote.AbstractProcessorLight.process(AbstractProcessorLight.java:65) [tomcat-embed-core-9.0.68.jar:9.0.68]
	at org.apache.coyote.AbstractProtocol$ConnectionHandler.process(AbstractProtocol.java:893) [tomcat-embed-core-9.0.68.jar:9.0.68]
	at org.apache.tomcat.util.net.NioEndpoint$SocketProcessor.doRun(NioEndpoint.java:1789) [tomcat-embed-core-9.0.68.jar:9.0.68]
	at org.apache.tomcat.util.net.SocketProcessorBase.run(SocketProcessorBase.java:49) [tomcat-embed-core-9.0.68.jar:9.0.68]
	at org.apache.tomcat.util.threads.ThreadPoolExecutor.runWorker(ThreadPoolExecutor.java:1191) [tomcat-embed-core-9.0.68.jar:9.0.68]
	at org.apache.tomcat.util.threads.ThreadPoolExecutor$Worker.run(ThreadPoolExecutor.java:659) [tomcat-embed-core-9.0.68.jar:9.0.68]
	at org.apache.tomcat.util.threads.TaskThread$WrappingRunnable.run(TaskThread.java:61) [tomcat-embed-core-9.0.68.jar:9.0.68]
	at java.lang.Thread.run(Thread.java:748) [na:1.8.0_202]

2025-03-27 16:48:46.273 ERROR 12144 --- [http-nio-8080-exec-5] o.a.c.c.C.[.[.[/].[dispatcherServlet]    : Servlet.service() for servlet [dispatcherServlet] in context with path [] threw exception [Request processing failed; nested exception is java.lang.IllegalArgumentException: When allowCredentials is true, allowedOrigins cannot contain the special value "*" since that cannot be set on the "Access-Control-Allow-Origin" response header. To allow credentials to a set of origins, list them explicitly or consider using "allowedOriginPatterns" instead.] with root cause

java.lang.IllegalArgumentException: When allowCredentials is true, allowedOrigins cannot contain the special value "*" since that cannot be set on the "Access-Control-Allow-Origin" response header. To allow credentials to a set of origins, list them explicitly or consider using "allowedOriginPatterns" instead.
	at org.springframework.web.cors.CorsConfiguration.validateAllowCredentials(CorsConfiguration.java:473) ~[spring-web-5.3.23.jar:5.3.23]
	at org.springframework.web.servlet.handler.AbstractHandlerMapping.getHandler(AbstractHandlerMapping.java:532) ~[spring-webmvc-5.3.23.jar:5.3.23]
	at org.springframework.web.servlet.DispatcherServlet.getHandler(DispatcherServlet.java:1265) ~[spring-webmvc-5.3.23.jar:5.3.23]
	at org.springframework.web.servlet.DispatcherServlet.doDispatch(DispatcherServlet.java:1047) ~[spring-webmvc-5.3.23.jar:5.3.23]
	at org.springframework.web.servlet.DispatcherServlet.doService(DispatcherServlet.java:964) ~[spring-webmvc-5.3.23.jar:5.3.23]
	at org.springframework.web.servlet.FrameworkServlet.processRequest(FrameworkServlet.java:1006) ~[spring-webmvc-5.3.23.jar:5.3.23]
	at org.springframework.web.servlet.FrameworkServlet.doGet(FrameworkServlet.java:898) ~[spring-webmvc-5.3.23.jar:5.3.23]
	at javax.servlet.http.HttpServlet.service(HttpServlet.java:670) ~[tomcat-embed-core-9.0.68.jar:4.0.FR]
	at org.springframework.web.servlet.FrameworkServlet.service(FrameworkServlet.java:883) ~[spring-webmvc-5.3.23.jar:5.3.23]
	at javax.servlet.http.HttpServlet.service(HttpServlet.java:779) ~[tomcat-embed-core-9.0.68.jar:4.0.FR]
	at org.apache.catalina.core.ApplicationFilterChain.internalDoFilter(ApplicationFilterChain.java:227) ~[tomcat-embed-core-9.0.68.jar:9.0.68]
	at org.apache.catalina.core.ApplicationFilterChain.doFilter(ApplicationFilterChain.java:162) ~[tomcat-embed-core-9.0.68.jar:9.0.68]
	at org.apache.tomcat.websocket.server.WsFilter.doFilter(WsFilter.java:53) ~[tomcat-embed-websocket-9.0.68.jar:9.0.68]
	at org.apache.catalina.core.ApplicationFilterChain.internalDoFilter(ApplicationFilterChain.java:189) ~[tomcat-embed-core-9.0.68.jar:9.0.68]
	at org.apache.catalina.core.ApplicationFilterChain.doFilter(ApplicationFilterChain.java:162) ~[tomcat-embed-core-9.0.68.jar:9.0.68]
	at org.springframework.web.filter.RequestContextFilter.doFilterInternal(RequestContextFilter.java:100) ~[spring-web-5.3.23.jar:5.3.23]
	at org.springframework.web.filter.OncePerRequestFilter.doFilter(OncePerRequestFilter.java:117) ~[spring-web-5.3.23.jar:5.3.23]
	at org.apache.catalina.core.ApplicationFilterChain.internalDoFilter(ApplicationFilterChain.java:189) ~[tomcat-embed-core-9.0.68.jar:9.0.68]
	at org.apache.catalina.core.ApplicationFilterChain.doFilter(ApplicationFilterChain.java:162) ~[tomcat-embed-core-9.0.68.jar:9.0.68]
	at org.springframework.web.filter.FormContentFilter.doFilterInternal(FormContentFilter.java:93) ~[spring-web-5.3.23.jar:5.3.23]
	at org.springframework.web.filter.OncePerRequestFilter.doFilter(OncePerRequestFilter.java:117) ~[spring-web-5.3.23.jar:5.3.23]
	at org.apache.catalina.core.ApplicationFilterChain.internalDoFilter(ApplicationFilterChain.java:189) ~[tomcat-embed-core-9.0.68.jar:9.0.68]
	at org.apache.catalina.core.ApplicationFilterChain.doFilter(ApplicationFilterChain.java:162) ~[tomcat-embed-core-9.0.68.jar:9.0.68]
	at org.springframework.web.filter.CharacterEncodingFilter.doFilterInternal(CharacterEncodingFilter.java:201) ~[spring-web-5.3.23.jar:5.3.23]
	at org.springframework.web.filter.OncePerRequestFilter.doFilter(OncePerRequestFilter.java:117) ~[spring-web-5.3.23.jar:5.3.23]
	at org.apache.catalina.core.ApplicationFilterChain.internalDoFilter(ApplicationFilterChain.java:189) ~[tomcat-embed-core-9.0.68.jar:9.0.68]
	at org.apache.catalina.core.ApplicationFilterChain.doFilter(ApplicationFilterChain.java:162) ~[tomcat-embed-core-9.0.68.jar:9.0.68]
	at org.apache.catalina.core.StandardWrapperValve.invoke(StandardWrapperValve.java:197) ~[tomcat-embed-core-9.0.68.jar:9.0.68]
	at org.apache.catalina.core.StandardContextValve.invoke(StandardContextValve.java:97) [tomcat-embed-core-9.0.68.jar:9.0.68]
	at org.apache.catalina.authenticator.AuthenticatorBase.invoke(AuthenticatorBase.java:541) [tomcat-embed-core-9.0.68.jar:9.0.68]
	at org.apache.catalina.core.StandardHostValve.invoke(StandardHostValve.java:135) [tomcat-embed-core-9.0.68.jar:9.0.68]
	at org.apache.catalina.valves.ErrorReportValve.invoke(ErrorReportValve.java:92) [tomcat-embed-core-9.0.68.jar:9.0.68]
	at org.apache.catalina.core.StandardEngineValve.invoke(StandardEngineValve.java:78) [tomcat-embed-core-9.0.68.jar:9.0.68]
	at org.apache.catalina.connector.CoyoteAdapter.service(CoyoteAdapter.java:360) [tomcat-embed-core-9.0.68.jar:9.0.68]
	at org.apache.coyote.http11.Http11Processor.service(Http11Processor.java:399) [tomcat-embed-core-9.0.68.jar:9.0.68]
	at org.apache.coyote.AbstractProcessorLight.process(AbstractProcessorLight.java:65) [tomcat-embed-core-9.0.68.jar:9.0.68]
	at org.apache.coyote.AbstractProtocol$ConnectionHandler.process(AbstractProtocol.java:893) [tomcat-embed-core-9.0.68.jar:9.0.68]
	at org.apache.tomcat.util.net.NioEndpoint$SocketProcessor.doRun(NioEndpoint.java:1789) [tomcat-embed-core-9.0.68.jar:9.0.68]
	at org.apache.tomcat.util.net.SocketProcessorBase.run(SocketProcessorBase.java:49) [tomcat-embed-core-9.0.68.jar:9.0.68]
	at org.apache.tomcat.util.threads.ThreadPoolExecutor.runWorker(ThreadPoolExecutor.java:1191) [tomcat-embed-core-9.0.68.jar:9.0.68]
	at org.apache.tomcat.util.threads.ThreadPoolExecutor$Worker.run(ThreadPoolExecutor.java:659) [tomcat-embed-core-9.0.68.jar:9.0.68]
	at org.apache.tomcat.util.threads.TaskThread$WrappingRunnable.run(TaskThread.java:61) [tomcat-embed-core-9.0.68.jar:9.0.68]
	at java.lang.Thread.run(Thread.java:748) [na:1.8.0_202]

2025-03-27 16:48:46.289 ERROR 12144 --- [SimpleAsyncTaskExecutor-1] o.s.w.s.s.c.DefaultTransportRequest      : No more fallback transports after TransportRequest[url=wss://mall.zhijianchibi.com/kefu_new/print-ws/299/fa979370bb4d47c5a68a6adcdea35bdb/websocket]

javax.websocket.DeploymentException: The HTTP response from the server [200] did not permit the HTTP upgrade to WebSocket
	at org.apache.tomcat.websocket.WsWebSocketContainer.connectToServerRecursive(WsWebSocketContainer.java:400) ~[tomcat-embed-websocket-9.0.68.jar:9.0.68]
	at org.apache.tomcat.websocket.WsWebSocketContainer.connectToServer(WsWebSocketContainer.java:185) ~[tomcat-embed-websocket-9.0.68.jar:9.0.68]
	at org.springframework.web.socket.client.standard.StandardWebSocketClient.lambda$doHandshakeInternal$0(StandardWebSocketClient.java:151) ~[spring-websocket-5.3.23.jar:5.3.23]
	at java.util.concurrent.FutureTask.run(FutureTask.java:266) ~[na:1.8.0_202]
	at java.lang.Thread.run(Thread.java:748) [na:1.8.0_202]

2025-03-27 16:48:46.289 ERROR 12144 --- [SimpleAsyncTaskExecutor-1] o.e.print.service.RemoteDataService      : STOMP‰º†ËæìÈîôËØØ

javax.websocket.DeploymentException: The HTTP response from the server [200] did not permit the HTTP upgrade to WebSocket
	at org.apache.tomcat.websocket.WsWebSocketContainer.connectToServerRecursive(WsWebSocketContainer.java:400) ~[tomcat-embed-websocket-9.0.68.jar:9.0.68]
	at org.apache.tomcat.websocket.WsWebSocketContainer.connectToServer(WsWebSocketContainer.java:185) ~[tomcat-embed-websocket-9.0.68.jar:9.0.68]
	at org.springframework.web.socket.client.standard.StandardWebSocketClient.lambda$doHandshakeInternal$0(StandardWebSocketClient.java:151) ~[spring-websocket-5.3.23.jar:5.3.23]
	at java.util.concurrent.FutureTask.run(FutureTask.java:266) ~[na:1.8.0_202]
	at java.lang.Thread.run(Thread.java:748) [na:1.8.0_202]

2025-03-27 16:48:46.289  INFO 12144 --- [Thread-38] o.e.print.service.RemoteDataService      : ËÆ°ÂàíÂú®5000ÊØ´ÁßíÂêéÈáçÊñ∞ËøûÊé•STOMP
2025-03-27 16:48:46.413 ERROR 12144 --- [http-nio-8080-exec-7] o.a.c.c.C.[.[.[/].[dispatcherServlet]    : Servlet.service() for servlet [dispatcherServlet] in context with path [] threw exception [Request processing failed; nested exception is java.lang.IllegalArgumentException: When allowCredentials is true, allowedOrigins cannot contain the special value "*" since that cannot be set on the "Access-Control-Allow-Origin" response header. To allow credentials to a set of origins, list them explicitly or consider using "allowedOriginPatterns" instead.] with root cause

java.lang.IllegalArgumentException: When allowCredentials is true, allowedOrigins cannot contain the special value "*" since that cannot be set on the "Access-Control-Allow-Origin" response header. To allow credentials to a set of origins, list them explicitly or consider using "allowedOriginPatterns" instead.
	at org.springframework.web.cors.CorsConfiguration.validateAllowCredentials(CorsConfiguration.java:473) ~[spring-web-5.3.23.jar:5.3.23]
	at org.springframework.web.servlet.handler.AbstractHandlerMapping.getHandler(AbstractHandlerMapping.java:532) ~[spring-webmvc-5.3.23.jar:5.3.23]
	at org.springframework.web.servlet.DispatcherServlet.getHandler(DispatcherServlet.java:1265) ~[spring-webmvc-5.3.23.jar:5.3.23]
	at org.springframework.web.servlet.DispatcherServlet.doDispatch(DispatcherServlet.java:1047) ~[spring-webmvc-5.3.23.jar:5.3.23]
	at org.springframework.web.servlet.DispatcherServlet.doService(DispatcherServlet.java:964) ~[spring-webmvc-5.3.23.jar:5.3.23]
	at org.springframework.web.servlet.FrameworkServlet.processRequest(FrameworkServlet.java:1006) ~[spring-webmvc-5.3.23.jar:5.3.23]
	at org.springframework.web.servlet.FrameworkServlet.doGet(FrameworkServlet.java:898) ~[spring-webmvc-5.3.23.jar:5.3.23]
	at javax.servlet.http.HttpServlet.service(HttpServlet.java:670) ~[tomcat-embed-core-9.0.68.jar:4.0.FR]
	at org.springframework.web.servlet.FrameworkServlet.service(FrameworkServlet.java:883) ~[spring-webmvc-5.3.23.jar:5.3.23]
	at javax.servlet.http.HttpServlet.service(HttpServlet.java:779) ~[tomcat-embed-core-9.0.68.jar:4.0.FR]
	at org.apache.catalina.core.ApplicationFilterChain.internalDoFilter(ApplicationFilterChain.java:227) ~[tomcat-embed-core-9.0.68.jar:9.0.68]
	at org.apache.catalina.core.ApplicationFilterChain.doFilter(ApplicationFilterChain.java:162) ~[tomcat-embed-core-9.0.68.jar:9.0.68]
	at org.apache.tomcat.websocket.server.WsFilter.doFilter(WsFilter.java:53) ~[tomcat-embed-websocket-9.0.68.jar:9.0.68]
	at org.apache.catalina.core.ApplicationFilterChain.internalDoFilter(ApplicationFilterChain.java:189) ~[tomcat-embed-core-9.0.68.jar:9.0.68]
	at org.apache.catalina.core.ApplicationFilterChain.doFilter(ApplicationFilterChain.java:162) ~[tomcat-embed-core-9.0.68.jar:9.0.68]
	at org.springframework.web.filter.RequestContextFilter.doFilterInternal(RequestContextFilter.java:100) ~[spring-web-5.3.23.jar:5.3.23]
	at org.springframework.web.filter.OncePerRequestFilter.doFilter(OncePerRequestFilter.java:117) ~[spring-web-5.3.23.jar:5.3.23]
	at org.apache.catalina.core.ApplicationFilterChain.internalDoFilter(ApplicationFilterChain.java:189) ~[tomcat-embed-core-9.0.68.jar:9.0.68]
	at org.apache.catalina.core.ApplicationFilterChain.doFilter(ApplicationFilterChain.java:162) ~[tomcat-embed-core-9.0.68.jar:9.0.68]
	at org.springframework.web.filter.FormContentFilter.doFilterInternal(FormContentFilter.java:93) ~[spring-web-5.3.23.jar:5.3.23]
	at org.springframework.web.filter.OncePerRequestFilter.doFilter(OncePerRequestFilter.java:117) ~[spring-web-5.3.23.jar:5.3.23]
	at org.apache.catalina.core.ApplicationFilterChain.internalDoFilter(ApplicationFilterChain.java:189) ~[tomcat-embed-core-9.0.68.jar:9.0.68]
	at org.apache.catalina.core.ApplicationFilterChain.doFilter(ApplicationFilterChain.java:162) ~[tomcat-embed-core-9.0.68.jar:9.0.68]
	at org.springframework.web.filter.CharacterEncodingFilter.doFilterInternal(CharacterEncodingFilter.java:201) ~[spring-web-5.3.23.jar:5.3.23]
	at org.springframework.web.filter.OncePerRequestFilter.doFilter(OncePerRequestFilter.java:117) ~[spring-web-5.3.23.jar:5.3.23]
	at org.apache.catalina.core.ApplicationFilterChain.internalDoFilter(ApplicationFilterChain.java:189) ~[tomcat-embed-core-9.0.68.jar:9.0.68]
	at org.apache.catalina.core.ApplicationFilterChain.doFilter(ApplicationFilterChain.java:162) ~[tomcat-embed-core-9.0.68.jar:9.0.68]
	at org.apache.catalina.core.StandardWrapperValve.invoke(StandardWrapperValve.java:197) ~[tomcat-embed-core-9.0.68.jar:9.0.68]
	at org.apache.catalina.core.StandardContextValve.invoke(StandardContextValve.java:97) [tomcat-embed-core-9.0.68.jar:9.0.68]
	at org.apache.catalina.authenticator.AuthenticatorBase.invoke(AuthenticatorBase.java:541) [tomcat-embed-core-9.0.68.jar:9.0.68]
	at org.apache.catalina.core.StandardHostValve.invoke(StandardHostValve.java:135) [tomcat-embed-core-9.0.68.jar:9.0.68]
	at org.apache.catalina.valves.ErrorReportValve.invoke(ErrorReportValve.java:92) [tomcat-embed-core-9.0.68.jar:9.0.68]
	at org.apache.catalina.core.StandardEngineValve.invoke(StandardEngineValve.java:78) [tomcat-embed-core-9.0.68.jar:9.0.68]
	at org.apache.catalina.connector.CoyoteAdapter.service(CoyoteAdapter.java:360) [tomcat-embed-core-9.0.68.jar:9.0.68]
	at org.apache.coyote.http11.Http11Processor.service(Http11Processor.java:399) [tomcat-embed-core-9.0.68.jar:9.0.68]
	at org.apache.coyote.AbstractProcessorLight.process(AbstractProcessorLight.java:65) [tomcat-embed-core-9.0.68.jar:9.0.68]
	at org.apache.coyote.AbstractProtocol$ConnectionHandler.process(AbstractProtocol.java:893) [tomcat-embed-core-9.0.68.jar:9.0.68]
	at org.apache.tomcat.util.net.NioEndpoint$SocketProcessor.doRun(NioEndpoint.java:1789) [tomcat-embed-core-9.0.68.jar:9.0.68]
	at org.apache.tomcat.util.net.SocketProcessorBase.run(SocketProcessorBase.java:49) [tomcat-embed-core-9.0.68.jar:9.0.68]
	at org.apache.tomcat.util.threads.ThreadPoolExecutor.runWorker(ThreadPoolExecutor.java:1191) [tomcat-embed-core-9.0.68.jar:9.0.68]
	at org.apache.tomcat.util.threads.ThreadPoolExecutor$Worker.run(ThreadPoolExecutor.java:659) [tomcat-embed-core-9.0.68.jar:9.0.68]
	at org.apache.tomcat.util.threads.TaskThread$WrappingRunnable.run(TaskThread.java:61) [tomcat-embed-core-9.0.68.jar:9.0.68]
	at java.lang.Thread.run(Thread.java:748) [na:1.8.0_202]

2025-03-27 16:48:46.575 ERROR 12144 --- [http-nio-8080-exec-8] o.a.c.c.C.[.[.[/].[dispatcherServlet]    : Servlet.service() for servlet [dispatcherServlet] in context with path [] threw exception [Request processing failed; nested exception is java.lang.IllegalArgumentException: When allowCredentials is true, allowedOrigins cannot contain the special value "*" since that cannot be set on the "Access-Control-Allow-Origin" response header. To allow credentials to a set of origins, list them explicitly or consider using "allowedOriginPatterns" instead.] with root cause

java.lang.IllegalArgumentException: When allowCredentials is true, allowedOrigins cannot contain the special value "*" since that cannot be set on the "Access-Control-Allow-Origin" response header. To allow credentials to a set of origins, list them explicitly or consider using "allowedOriginPatterns" instead.
	at org.springframework.web.cors.CorsConfiguration.validateAllowCredentials(CorsConfiguration.java:473) ~[spring-web-5.3.23.jar:5.3.23]
	at org.springframework.web.servlet.handler.AbstractHandlerMapping.getHandler(AbstractHandlerMapping.java:532) ~[spring-webmvc-5.3.23.jar:5.3.23]
	at org.springframework.web.servlet.DispatcherServlet.getHandler(DispatcherServlet.java:1265) ~[spring-webmvc-5.3.23.jar:5.3.23]
	at org.springframework.web.servlet.DispatcherServlet.doDispatch(DispatcherServlet.java:1047) ~[spring-webmvc-5.3.23.jar:5.3.23]
	at org.springframework.web.servlet.DispatcherServlet.doService(DispatcherServlet.java:964) ~[spring-webmvc-5.3.23.jar:5.3.23]
	at org.springframework.web.servlet.FrameworkServlet.processRequest(FrameworkServlet.java:1006) ~[spring-webmvc-5.3.23.jar:5.3.23]
	at org.springframework.web.servlet.FrameworkServlet.doGet(FrameworkServlet.java:898) ~[spring-webmvc-5.3.23.jar:5.3.23]
	at javax.servlet.http.HttpServlet.service(HttpServlet.java:670) ~[tomcat-embed-core-9.0.68.jar:4.0.FR]
	at org.springframework.web.servlet.FrameworkServlet.service(FrameworkServlet.java:883) ~[spring-webmvc-5.3.23.jar:5.3.23]
	at javax.servlet.http.HttpServlet.service(HttpServlet.java:779) ~[tomcat-embed-core-9.0.68.jar:4.0.FR]
	at org.apache.catalina.core.ApplicationFilterChain.internalDoFilter(ApplicationFilterChain.java:227) ~[tomcat-embed-core-9.0.68.jar:9.0.68]
	at org.apache.catalina.core.ApplicationFilterChain.doFilter(ApplicationFilterChain.java:162) ~[tomcat-embed-core-9.0.68.jar:9.0.68]
	at org.apache.tomcat.websocket.server.WsFilter.doFilter(WsFilter.java:53) ~[tomcat-embed-websocket-9.0.68.jar:9.0.68]
	at org.apache.catalina.core.ApplicationFilterChain.internalDoFilter(ApplicationFilterChain.java:189) ~[tomcat-embed-core-9.0.68.jar:9.0.68]
	at org.apache.catalina.core.ApplicationFilterChain.doFilter(ApplicationFilterChain.java:162) ~[tomcat-embed-core-9.0.68.jar:9.0.68]
	at org.springframework.web.filter.RequestContextFilter.doFilterInternal(RequestContextFilter.java:100) ~[spring-web-5.3.23.jar:5.3.23]
	at org.springframework.web.filter.OncePerRequestFilter.doFilter(OncePerRequestFilter.java:117) ~[spring-web-5.3.23.jar:5.3.23]
	at org.apache.catalina.core.ApplicationFilterChain.internalDoFilter(ApplicationFilterChain.java:189) ~[tomcat-embed-core-9.0.68.jar:9.0.68]
	at org.apache.catalina.core.ApplicationFilterChain.doFilter(ApplicationFilterChain.java:162) ~[tomcat-embed-core-9.0.68.jar:9.0.68]
	at org.springframework.web.filter.FormContentFilter.doFilterInternal(FormContentFilter.java:93) ~[spring-web-5.3.23.jar:5.3.23]
	at org.springframework.web.filter.OncePerRequestFilter.doFilter(OncePerRequestFilter.java:117) ~[spring-web-5.3.23.jar:5.3.23]
	at org.apache.catalina.core.ApplicationFilterChain.internalDoFilter(ApplicationFilterChain.java:189) ~[tomcat-embed-core-9.0.68.jar:9.0.68]
	at org.apache.catalina.core.ApplicationFilterChain.doFilter(ApplicationFilterChain.java:162) ~[tomcat-embed-core-9.0.68.jar:9.0.68]
	at org.springframework.web.filter.CharacterEncodingFilter.doFilterInternal(CharacterEncodingFilter.java:201) ~[spring-web-5.3.23.jar:5.3.23]
	at org.springframework.web.filter.OncePerRequestFilter.doFilter(OncePerRequestFilter.java:117) ~[spring-web-5.3.23.jar:5.3.23]
	at org.apache.catalina.core.ApplicationFilterChain.internalDoFilter(ApplicationFilterChain.java:189) ~[tomcat-embed-core-9.0.68.jar:9.0.68]
	at org.apache.catalina.core.ApplicationFilterChain.doFilter(ApplicationFilterChain.java:162) ~[tomcat-embed-core-9.0.68.jar:9.0.68]
	at org.apache.catalina.core.StandardWrapperValve.invoke(StandardWrapperValve.java:197) ~[tomcat-embed-core-9.0.68.jar:9.0.68]
	at org.apache.catalina.core.StandardContextValve.invoke(StandardContextValve.java:97) [tomcat-embed-core-9.0.68.jar:9.0.68]
	at org.apache.catalina.authenticator.AuthenticatorBase.invoke(AuthenticatorBase.java:541) [tomcat-embed-core-9.0.68.jar:9.0.68]
	at org.apache.catalina.core.StandardHostValve.invoke(StandardHostValve.java:135) [tomcat-embed-core-9.0.68.jar:9.0.68]
	at org.apache.catalina.valves.ErrorReportValve.invoke(ErrorReportValve.java:92) [tomcat-embed-core-9.0.68.jar:9.0.68]
	at org.apache.catalina.core.StandardEngineValve.invoke(StandardEngineValve.java:78) [tomcat-embed-core-9.0.68.jar:9.0.68]
	at org.apache.catalina.connector.CoyoteAdapter.service(CoyoteAdapter.java:360) [tomcat-embed-core-9.0.68.jar:9.0.68]
	at org.apache.coyote.http11.Http11Processor.service(Http11Processor.java:399) [tomcat-embed-core-9.0.68.jar:9.0.68]
	at org.apache.coyote.AbstractProcessorLight.process(AbstractProcessorLight.java:65) [tomcat-embed-core-9.0.68.jar:9.0.68]
	at org.apache.coyote.AbstractProtocol$ConnectionHandler.process(AbstractProtocol.java:893) [tomcat-embed-core-9.0.68.jar:9.0.68]
	at org.apache.tomcat.util.net.NioEndpoint$SocketProcessor.doRun(NioEndpoint.java:1789) [tomcat-embed-core-9.0.68.jar:9.0.68]
	at org.apache.tomcat.util.net.SocketProcessorBase.run(SocketProcessorBase.java:49) [tomcat-embed-core-9.0.68.jar:9.0.68]
	at org.apache.tomcat.util.threads.ThreadPoolExecutor.runWorker(ThreadPoolExecutor.java:1191) [tomcat-embed-core-9.0.68.jar:9.0.68]
	at org.apache.tomcat.util.threads.ThreadPoolExecutor$Worker.run(ThreadPoolExecutor.java:659) [tomcat-embed-core-9.0.68.jar:9.0.68]
	at org.apache.tomcat.util.threads.TaskThread$WrappingRunnable.run(TaskThread.java:61) [tomcat-embed-core-9.0.68.jar:9.0.68]
	at java.lang.Thread.run(Thread.java:748) [na:1.8.0_202]

2025-03-27 16:48:46.733 ERROR 12144 --- [http-nio-8080-exec-9] o.a.c.c.C.[.[.[/].[dispatcherServlet]    : Servlet.service() for servlet [dispatcherServlet] in context with path [] threw exception [Request processing failed; nested exception is java.lang.IllegalArgumentException: When allowCredentials is true, allowedOrigins cannot contain the special value "*" since that cannot be set on the "Access-Control-Allow-Origin" response header. To allow credentials to a set of origins, list them explicitly or consider using "allowedOriginPatterns" instead.] with root cause

java.lang.IllegalArgumentException: When allowCredentials is true, allowedOrigins cannot contain the special value "*" since that cannot be set on the "Access-Control-Allow-Origin" response header. To allow credentials to a set of origins, list them explicitly or consider using "allowedOriginPatterns" instead.
	at org.springframework.web.cors.CorsConfiguration.validateAllowCredentials(CorsConfiguration.java:473) ~[spring-web-5.3.23.jar:5.3.23]
	at org.springframework.web.servlet.handler.AbstractHandlerMapping.getHandler(AbstractHandlerMapping.java:532) ~[spring-webmvc-5.3.23.jar:5.3.23]
	at org.springframework.web.servlet.DispatcherServlet.getHandler(DispatcherServlet.java:1265) ~[spring-webmvc-5.3.23.jar:5.3.23]
	at org.springframework.web.servlet.DispatcherServlet.doDispatch(DispatcherServlet.java:1047) ~[spring-webmvc-5.3.23.jar:5.3.23]
	at org.springframework.web.servlet.DispatcherServlet.doService(DispatcherServlet.java:964) ~[spring-webmvc-5.3.23.jar:5.3.23]
	at org.springframework.web.servlet.FrameworkServlet.processRequest(FrameworkServlet.java:1006) ~[spring-webmvc-5.3.23.jar:5.3.23]
	at org.springframework.web.servlet.FrameworkServlet.doGet(FrameworkServlet.java:898) ~[spring-webmvc-5.3.23.jar:5.3.23]
	at javax.servlet.http.HttpServlet.service(HttpServlet.java:670) ~[tomcat-embed-core-9.0.68.jar:4.0.FR]
	at org.springframework.web.servlet.FrameworkServlet.service(FrameworkServlet.java:883) ~[spring-webmvc-5.3.23.jar:5.3.23]
	at javax.servlet.http.HttpServlet.service(HttpServlet.java:779) ~[tomcat-embed-core-9.0.68.jar:4.0.FR]
	at org.apache.catalina.core.ApplicationFilterChain.internalDoFilter(ApplicationFilterChain.java:227) ~[tomcat-embed-core-9.0.68.jar:9.0.68]
	at org.apache.catalina.core.ApplicationFilterChain.doFilter(ApplicationFilterChain.java:162) ~[tomcat-embed-core-9.0.68.jar:9.0.68]
	at org.apache.tomcat.websocket.server.WsFilter.doFilter(WsFilter.java:53) ~[tomcat-embed-websocket-9.0.68.jar:9.0.68]
	at org.apache.catalina.core.ApplicationFilterChain.internalDoFilter(ApplicationFilterChain.java:189) ~[tomcat-embed-core-9.0.68.jar:9.0.68]
	at org.apache.catalina.core.ApplicationFilterChain.doFilter(ApplicationFilterChain.java:162) ~[tomcat-embed-core-9.0.68.jar:9.0.68]
	at org.springframework.web.filter.RequestContextFilter.doFilterInternal(RequestContextFilter.java:100) ~[spring-web-5.3.23.jar:5.3.23]
	at org.springframework.web.filter.OncePerRequestFilter.doFilter(OncePerRequestFilter.java:117) ~[spring-web-5.3.23.jar:5.3.23]
	at org.apache.catalina.core.ApplicationFilterChain.internalDoFilter(ApplicationFilterChain.java:189) ~[tomcat-embed-core-9.0.68.jar:9.0.68]
	at org.apache.catalina.core.ApplicationFilterChain.doFilter(ApplicationFilterChain.java:162) ~[tomcat-embed-core-9.0.68.jar:9.0.68]
	at org.springframework.web.filter.FormContentFilter.doFilterInternal(FormContentFilter.java:93) ~[spring-web-5.3.23.jar:5.3.23]
	at org.springframework.web.filter.OncePerRequestFilter.doFilter(OncePerRequestFilter.java:117) ~[spring-web-5.3.23.jar:5.3.23]
	at org.apache.catalina.core.ApplicationFilterChain.internalDoFilter(ApplicationFilterChain.java:189) ~[tomcat-embed-core-9.0.68.jar:9.0.68]
	at org.apache.catalina.core.ApplicationFilterChain.doFilter(ApplicationFilterChain.java:162) ~[tomcat-embed-core-9.0.68.jar:9.0.68]
	at org.springframework.web.filter.CharacterEncodingFilter.doFilterInternal(CharacterEncodingFilter.java:201) ~[spring-web-5.3.23.jar:5.3.23]
	at org.springframework.web.filter.OncePerRequestFilter.doFilter(OncePerRequestFilter.java:117) ~[spring-web-5.3.23.jar:5.3.23]
	at org.apache.catalina.core.ApplicationFilterChain.internalDoFilter(ApplicationFilterChain.java:189) ~[tomcat-embed-core-9.0.68.jar:9.0.68]
	at org.apache.catalina.core.ApplicationFilterChain.doFilter(ApplicationFilterChain.java:162) ~[tomcat-embed-core-9.0.68.jar:9.0.68]
	at org.apache.catalina.core.StandardWrapperValve.invoke(StandardWrapperValve.java:197) ~[tomcat-embed-core-9.0.68.jar:9.0.68]
	at org.apache.catalina.core.StandardContextValve.invoke(StandardContextValve.java:97) [tomcat-embed-core-9.0.68.jar:9.0.68]
	at org.apache.catalina.authenticator.AuthenticatorBase.invoke(AuthenticatorBase.java:541) [tomcat-embed-core-9.0.68.jar:9.0.68]
	at org.apache.catalina.core.StandardHostValve.invoke(StandardHostValve.java:135) [tomcat-embed-core-9.0.68.jar:9.0.68]
	at org.apache.catalina.valves.ErrorReportValve.invoke(ErrorReportValve.java:92) [tomcat-embed-core-9.0.68.jar:9.0.68]
	at org.apache.catalina.core.StandardEngineValve.invoke(StandardEngineValve.java:78) [tomcat-embed-core-9.0.68.jar:9.0.68]
	at org.apache.catalina.connector.CoyoteAdapter.service(CoyoteAdapter.java:360) [tomcat-embed-core-9.0.68.jar:9.0.68]
	at org.apache.coyote.http11.Http11Processor.service(Http11Processor.java:399) [tomcat-embed-core-9.0.68.jar:9.0.68]
	at org.apache.coyote.AbstractProcessorLight.process(AbstractProcessorLight.java:65) [tomcat-embed-core-9.0.68.jar:9.0.68]
	at org.apache.coyote.AbstractProtocol$ConnectionHandler.process(AbstractProtocol.java:893) [tomcat-embed-core-9.0.68.jar:9.0.68]
	at org.apache.tomcat.util.net.NioEndpoint$SocketProcessor.doRun(NioEndpoint.java:1789) [tomcat-embed-core-9.0.68.jar:9.0.68]
	at org.apache.tomcat.util.net.SocketProcessorBase.run(SocketProcessorBase.java:49) [tomcat-embed-core-9.0.68.jar:9.0.68]
	at org.apache.tomcat.util.threads.ThreadPoolExecutor.runWorker(ThreadPoolExecutor.java:1191) [tomcat-embed-core-9.0.68.jar:9.0.68]
	at org.apache.tomcat.util.threads.ThreadPoolExecutor$Worker.run(ThreadPoolExecutor.java:659) [tomcat-embed-core-9.0.68.jar:9.0.68]
	at org.apache.tomcat.util.threads.TaskThread$WrappingRunnable.run(TaskThread.java:61) [tomcat-embed-core-9.0.68.jar:9.0.68]
	at java.lang.Thread.run(Thread.java:748) [na:1.8.0_202]

2025-03-27 16:48:51.290  INFO 12144 --- [Thread-38] o.e.print.service.RemoteDataService      : Ê≠£Âú®ËøûÊé•STOMPÊúçÂä°: https://mall.zhijianchibi.com/kefu_new//print-ws
2025-03-27 16:48:51.587 ERROR 12144 --- [SimpleAsyncTaskExecutor-1] o.s.w.s.s.c.DefaultTransportRequest      : No more fallback transports after TransportRequest[url=wss://mall.zhijianchibi.com/kefu_new/print-ws/246/e7bba19809a3435a9fe5338397734014/websocket]

javax.websocket.DeploymentException: The HTTP response from the server [200] did not permit the HTTP upgrade to WebSocket
	at org.apache.tomcat.websocket.WsWebSocketContainer.connectToServerRecursive(WsWebSocketContainer.java:400) ~[tomcat-embed-websocket-9.0.68.jar:9.0.68]
	at org.apache.tomcat.websocket.WsWebSocketContainer.connectToServer(WsWebSocketContainer.java:185) ~[tomcat-embed-websocket-9.0.68.jar:9.0.68]
	at org.springframework.web.socket.client.standard.StandardWebSocketClient.lambda$doHandshakeInternal$0(StandardWebSocketClient.java:151) ~[spring-websocket-5.3.23.jar:5.3.23]
	at java.util.concurrent.FutureTask.run(FutureTask.java:266) ~[na:1.8.0_202]
	at java.lang.Thread.run(Thread.java:748) [na:1.8.0_202]

2025-03-27 16:48:51.587 ERROR 12144 --- [SimpleAsyncTaskExecutor-1] o.e.print.service.RemoteDataService      : STOMP‰º†ËæìÈîôËØØ

javax.websocket.DeploymentException: The HTTP response from the server [200] did not permit the HTTP upgrade to WebSocket
	at org.apache.tomcat.websocket.WsWebSocketContainer.connectToServerRecursive(WsWebSocketContainer.java:400) ~[tomcat-embed-websocket-9.0.68.jar:9.0.68]
	at org.apache.tomcat.websocket.WsWebSocketContainer.connectToServer(WsWebSocketContainer.java:185) ~[tomcat-embed-websocket-9.0.68.jar:9.0.68]
	at org.springframework.web.socket.client.standard.StandardWebSocketClient.lambda$doHandshakeInternal$0(StandardWebSocketClient.java:151) ~[spring-websocket-5.3.23.jar:5.3.23]
	at java.util.concurrent.FutureTask.run(FutureTask.java:266) ~[na:1.8.0_202]
	at java.lang.Thread.run(Thread.java:748) [na:1.8.0_202]

2025-03-27 16:48:51.588  INFO 12144 --- [Thread-42] o.e.print.service.RemoteDataService      : ËÆ°ÂàíÂú®5000ÊØ´ÁßíÂêéÈáçÊñ∞ËøûÊé•STOMP
2025-03-27 16:48:55.335  INFO 12144 --- [SpringApplicationShutdownHook] o.s.m.s.b.SimpleBrokerMessageHandler     : Stopping...
2025-03-27 16:48:55.336  INFO 12144 --- [SpringApplicationShutdownHook] o.s.m.s.b.SimpleBrokerMessageHandler     : BrokerAvailabilityEvent[available=false, SimpleBrokerMessageHandler [org.springframework.messaging.simp.broker.DefaultSubscriptionRegistry@25b52284]]
2025-03-27 16:48:55.336  INFO 12144 --- [SpringApplicationShutdownHook] o.s.m.s.b.SimpleBrokerMessageHandler     : Stopped.
